08/15/2023 08:42:39 AM - INFO - LaunchPage : Homepage is visible
08/15/2023 08:42:41 AM - INFO - CartPage : SUBSCRIPTION is visible
08/15/2023 08:42:42 AM - INFO - CartPage : You have been successfully subscribed! is visible
08/15/2023 08:52:48 AM - INFO - LaunchPage : Homepage is visible
08/15/2023 08:53:03 AM - INFO - LaunchPage : Homepage is visible
08/15/2023 09:00:07 AM - INFO - LaunchPage : Homepage is visible
08/15/2023 09:00:46 AM - INFO - LaunchPage : Homepage is visible
08/15/2023 09:01:28 AM - INFO - LaunchPage : Homepage is visible
08/15/2023 09:47:42 AM - INFO - LaunchPage : Homepage is visible
08/15/2023 09:47:51 AM - INFO - LaunchPage : Homepage is visible
08/15/2023 09:47:59 AM - INFO - CartPage : Blue Top is visible
08/15/2023 09:48:31 AM - INFO - LaunchPage : Homepage is visible
08/15/2023 09:48:42 AM - INFO - LaunchPage : Homepage is visible
08/15/2023 09:48:44 AM - INFO - CartPage : Blue Top is visible
08/15/2023 10:19:38 AM - INFO - LaunchPage : Homepage is visible
08/15/2023 10:19:48 AM - INFO - LaunchPage : Homepage is visible
08/15/2023 10:19:52 AM - INFO - CartPage : Blue Top is visible
08/15/2023 10:19:52 AM - INFO - CartPage : Men Tshirt is visible
08/15/2023 10:19:52 AM - INFO - CartPage : Rs. 500 is visible
08/15/2023 10:19:53 AM - INFO - CartPage : Rs. 400 is visible
08/15/2023 10:19:53 AM - INFO - CartPage : 1 is visible
08/15/2023 10:19:53 AM - INFO - CartPage : 1 is visible
08/15/2023 10:19:53 AM - INFO - CartPage : Rs. 500 is visible
08/15/2023 10:19:53 AM - INFO - CartPage : Rs. 400 is visible
08/15/2023 10:21:56 AM - INFO - LaunchPage : Homepage is visible
08/15/2023 10:22:10 AM - INFO - LaunchPage : Homepage is visible
08/15/2023 10:22:13 AM - INFO - CartPage : Blue Top is visible
08/15/2023 10:22:13 AM - INFO - CartPage : Men Tshirt is visible
08/15/2023 10:22:13 AM - INFO - CartPage : Rs. 500 is visible
08/15/2023 10:22:14 AM - INFO - CartPage : Rs. 400 is visible
08/15/2023 10:22:14 AM - INFO - CartPage : 1 is visible
08/15/2023 10:22:14 AM - INFO - CartPage : 1 is visible
08/15/2023 10:22:14 AM - INFO - CartPage : Rs. 500 is visible
08/15/2023 10:22:15 AM - INFO - CartPage : Rs. 400 is visible
08/15/2023 10:38:13 AM - INFO - LaunchPage : Homepage is visible
08/15/2023 10:41:12 AM - INFO - LaunchPage : Homepage is visible
08/15/2023 10:46:28 AM - INFO - LaunchPage : Homepage is visible
08/15/2023 10:59:58 AM - INFO - LaunchPage : Homepage is visible
08/15/2023 11:00:13 AM - INFO - LaunchPage : Homepage is visible
08/15/2023 11:00:13 AM - INFO - ProductsPage : Sleeveless Dress is visible
08/15/2023 11:00:32 AM - INFO - LaunchPage : Homepage is visible
08/15/2023 11:00:36 AM - INFO - LaunchPage : Homepage is visible
08/15/2023 11:07:59 AM - INFO - LaunchPage : Homepage is visible
08/15/2023 11:08:17 AM - INFO - LaunchPage : Homepage is visible
08/15/2023 11:14:02 AM - INFO - LaunchPage : Homepage is visible
08/15/2023 11:14:09 AM - INFO - ProductsPage : Sleeveless Dress is visible
08/15/2023 11:15:34 AM - INFO - LaunchPage : Homepage is visible
08/15/2023 11:16:03 AM - INFO - ProductsPage : Sleeveless Dress is visible
08/15/2023 11:20:19 AM - INFO - LaunchPage : Homepage is visible
08/15/2023 11:20:43 AM - INFO - ProductsPage : Sleeveless Dress is visible
08/15/2023 11:21:05 AM - INFO - LaunchPage : Homepage is visible
08/15/2023 11:21:15 AM - INFO - ProductsPage : Sleeveless Dress is visible
08/15/2023 11:22:06 AM - INFO - ProductsPage : Sleeveless Dress is visible
08/15/2023 11:25:55 AM - INFO - ProductsPage : Sleeveless Dress is visible
08/15/2023 11:29:21 AM - INFO - ProductsPage : Sleeveless Dress is visible
08/15/2023 11:30:09 AM - INFO - ProductsPage : Sleeveless Dress is visible
08/15/2023 11:32:53 AM - INFO - ProductsPage : Sleeveless Dress is visible
08/15/2023 11:33:52 AM - INFO - ProductsPage : Sleeveless Dress is visible
08/15/2023 11:36:59 AM - INFO - ProductsPage : Sleeveless Dress is visible
08/15/2023 11:37:07 AM - INFO - CartPage : 4 is visible
08/15/2023 11:38:21 AM - INFO - ProductsPage : Sleeveless Dress is visible
08/15/2023 11:38:27 AM - INFO - CartPage : 4 is visible
08/15/2023 01:03:36 PM - INFO - ProductsPage : Sleeveless Dress is visible
08/15/2023 01:03:41 PM - INFO - CartPage : 4 is visible
08/15/2023 01:19:13 PM - INFO - ProductsPage : Sleeveless Dress is visible
08/15/2023 01:22:12 PM - INFO - ProductsPage : Sleeveless Dress is visible
08/15/2023 01:22:18 PM - INFO - CartPage : 4 is visible
08/15/2023 02:05:59 PM - INFO - ProductsPage : Sleeveless Dress is visible
08/15/2023 02:06:06 PM - INFO - CartPage : 4 is visible
08/15/2023 02:55:43 PM - INFO - ProductsPage : Sleeveless Dress is visible
08/15/2023 02:55:49 PM - INFO - CartPage : 4 is visible
08/15/2023 02:56:59 PM - INFO - ProductsPage : Sleeveless Dress is visible
08/15/2023 02:57:05 PM - INFO - CartPage : 4 is visible
08/15/2023 03:01:32 PM - INFO - ProductsPage : Sleeveless Dress is visible
08/15/2023 03:01:42 PM - INFO - CartPage : 4 is visible
08/15/2023 03:03:33 PM - INFO - ProductsPage : Sleeveless Dress is visible
08/15/2023 03:03:39 PM - INFO - CartPage : 4 is visible
08/15/2023 03:04:19 PM - INFO - ProductsPage : Sleeveless Dress is visible
08/15/2023 03:04:25 PM - INFO - CartPage : 4 is visible
08/15/2023 03:06:56 PM - INFO - ProductsPage : Sleeveless Dress is visible
08/15/2023 03:07:15 PM - INFO - CartPage : 4 is visible
08/15/2023 03:09:19 PM - INFO - ProductsPage : Sleeveless Dress is visible
08/15/2023 03:09:25 PM - INFO - CartPage : 4 is visible
08/15/2023 03:14:42 PM - INFO - ProductsPage : Sleeveless Dress is visible
08/15/2023 03:15:00 PM - INFO - CartPage : 4 is visible
08/15/2023 03:16:40 PM - INFO - ProductsPage : Sleeveless Dress is visible
08/15/2023 03:16:51 PM - INFO - CartPage : 4 is visible
08/15/2023 05:12:18 PM - INFO - LaunchPage : Homepage is visible
08/15/2023 05:13:19 PM - INFO - LaunchPage : Homepage is visible
08/15/2023 05:13:43 PM - INFO - LaunchPage : Homepage is visible
08/15/2023 05:14:13 PM - INFO - LaunchPage : Homepage is visible
08/15/2023 05:14:53 PM - INFO - LaunchPage : Homepage is visible
08/15/2023 05:14:56 PM - INFO - CartPage : Blue Top is visible
08/15/2023 05:14:56 PM - INFO - CartPage : Men Tshirt is visible
08/15/2023 05:31:53 PM - INFO - LaunchPage : Homepage is visible
08/15/2023 05:32:50 PM - INFO - LaunchPage : Homepage is visible
