08/16/2023 08:36:14 AM - INFO - LaunchPage : Homepage is visible
08/16/2023 08:57:22 AM - INFO - LaunchPage : Homepage is visible
08/16/2023 08:57:39 AM - INFO - LaunchPage : Homepage is visible
08/16/2023 08:58:42 AM - INFO - LaunchPage : Homepage is visible
08/16/2023 09:02:06 AM - INFO - LaunchPage : Homepage is visible
08/16/2023 09:02:27 AM - INFO - LaunchPage : Homepage is visible
08/16/2023 09:03:17 AM - INFO - LaunchPage : Homepage is visible
08/16/2023 09:04:10 AM - INFO - LaunchPage : Homepage is visible
08/16/2023 09:04:50 AM - INFO - LaunchPage : Homepage is visible
08/16/2023 09:08:19 AM - INFO - LaunchPage : Homepage is visible
08/16/2023 09:08:28 AM - INFO - LaunchPage : Homepage is visible
08/16/2023 09:08:30 AM - INFO - CartPage : Blue Top is visible
08/16/2023 09:08:31 AM - INFO - CartPage : Men Tshirt is visible
08/16/2023 09:08:46 AM - INFO - AccntCreated : ACCOUNT CREATED! is visible
08/16/2023 09:08:58 AM - INFO - LoggedPage : Logged in as sad
08/16/2023 09:08:58 AM - INFO - LaunchPage : Homepage is visible
08/16/2023 09:09:02 AM - INFO - CartPage : Address Details is visible
08/16/2023 09:09:02 AM - INFO - CartPage : Review Your Order is visible
08/16/2023 09:20:42 AM - INFO - LaunchPage : Homepage is visible
08/16/2023 09:20:49 AM - INFO - LaunchPage : Homepage is visible
08/16/2023 09:20:52 AM - INFO - CartPage : Blue Top is visible
08/16/2023 09:20:52 AM - INFO - CartPage : Men Tshirt is visible
08/16/2023 09:21:25 AM - INFO - LaunchPage : Homepage is visible
08/16/2023 09:21:33 AM - INFO - LaunchPage : Homepage is visible
08/16/2023 09:21:36 AM - INFO - CartPage : Blue Top is visible
08/16/2023 09:21:37 AM - INFO - CartPage : Men Tshirt is visible
08/16/2023 09:21:54 AM - INFO - AccntCreated : ACCOUNT CREATED! is visible
08/16/2023 09:22:01 AM - INFO - LoggedPage : Logged in as sad
08/16/2023 09:22:02 AM - INFO - LaunchPage : Homepage is visible
08/16/2023 09:22:07 AM - INFO - CartPage : Address Details is visible
08/16/2023 09:22:07 AM - INFO - CartPage : Review Your Order is visible
08/16/2023 09:23:25 AM - INFO - LaunchPage : Homepage is visible
08/16/2023 09:23:33 AM - INFO - LaunchPage : Homepage is visible
08/16/2023 09:23:36 AM - INFO - CartPage : Blue Top is visible
08/16/2023 09:23:36 AM - INFO - CartPage : Men Tshirt is visible
08/16/2023 09:24:18 AM - INFO - LaunchPage : Homepage is visible
08/16/2023 09:24:24 AM - INFO - LaunchPage : Homepage is visible
08/16/2023 09:24:26 AM - INFO - CartPage : Blue Top is visible
08/16/2023 09:24:26 AM - INFO - CartPage : Men Tshirt is visible
08/16/2023 09:24:43 AM - INFO - AccntCreated : ACCOUNT CREATED! is visible
08/16/2023 09:24:51 AM - INFO - LoggedPage : Logged in as sad
08/16/2023 09:24:51 AM - INFO - LaunchPage : Homepage is visible
08/16/2023 09:24:57 AM - INFO - CartPage : Address Details is visible
08/16/2023 09:24:57 AM - INFO - CartPage : Review Your Order is visible
08/16/2023 09:26:02 AM - INFO - LaunchPage : Homepage is visible
08/16/2023 09:26:15 AM - INFO - LaunchPage : Homepage is visible
08/16/2023 09:26:18 AM - INFO - CartPage : Blue Top is visible
08/16/2023 09:26:19 AM - INFO - CartPage : Men Tshirt is visible
08/16/2023 09:26:36 AM - INFO - AccntCreated : ACCOUNT CREATED! is visible
08/16/2023 09:26:47 AM - INFO - LoggedPage : Logged in as sad
08/16/2023 09:26:48 AM - INFO - LaunchPage : Homepage is visible
08/16/2023 09:26:53 AM - INFO - CartPage : Address Details is visible
08/16/2023 09:26:54 AM - INFO - CartPage : Review Your Order is visible
08/16/2023 09:29:50 AM - INFO - LaunchPage : Homepage is visible
08/16/2023 09:30:05 AM - INFO - LaunchPage : Homepage is visible
08/16/2023 09:30:08 AM - INFO - CartPage : Blue Top is visible
08/16/2023 09:30:08 AM - INFO - CartPage : Men Tshirt is visible
08/16/2023 09:30:54 AM - INFO - LaunchPage : Homepage is visible
08/16/2023 09:31:06 AM - INFO - LaunchPage : Homepage is visible
08/16/2023 09:31:09 AM - INFO - CartPage : Blue Top is visible
08/16/2023 09:31:09 AM - INFO - CartPage : Men Tshirt is visible
08/16/2023 09:31:26 AM - INFO - AccntCreated : ACCOUNT CREATED! is visible
08/16/2023 09:31:40 AM - INFO - LoggedPage : Logged in as sad
08/16/2023 09:31:40 AM - INFO - LaunchPage : Homepage is visible
08/16/2023 09:31:45 AM - INFO - CartPage : Address Details is visible
08/16/2023 09:31:46 AM - INFO - CartPage : Review Your Order is visible
08/16/2023 09:36:09 AM - INFO - LaunchPage : Homepage is visible
08/16/2023 09:36:17 AM - INFO - LaunchPage : Homepage is visible
08/16/2023 09:36:19 AM - INFO - CartPage : Blue Top is visible
08/16/2023 09:36:20 AM - INFO - CartPage : Men Tshirt is visible
08/16/2023 09:36:38 AM - INFO - AccntCreated : ACCOUNT CREATED! is visible
08/16/2023 09:36:45 AM - INFO - LoggedPage : Logged in as sad
08/16/2023 09:36:45 AM - INFO - LaunchPage : Homepage is visible
08/16/2023 09:36:50 AM - INFO - CartPage : Address Details is visible
08/16/2023 09:36:51 AM - INFO - CartPage : Review Your Order is visible
08/16/2023 09:42:02 AM - INFO - LaunchPage : Homepage is visible
08/16/2023 09:42:12 AM - INFO - LaunchPage : Homepage is visible
08/16/2023 09:42:15 AM - INFO - CartPage : Blue Top is visible
08/16/2023 09:42:15 AM - INFO - CartPage : Men Tshirt is visible
08/16/2023 09:42:32 AM - INFO - AccntCreated : ACCOUNT CREATED! is visible
08/16/2023 09:42:40 AM - INFO - LoggedPage : Logged in as sad
08/16/2023 09:42:40 AM - INFO - LaunchPage : Homepage is visible
08/16/2023 09:42:46 AM - INFO - CartPage : Address Details is visible
08/16/2023 09:42:47 AM - INFO - CartPage : Review Your Order is visible
08/16/2023 09:45:13 AM - INFO - LaunchPage : Homepage is visible
08/16/2023 09:45:23 AM - INFO - LaunchPage : Homepage is visible
08/16/2023 09:45:25 AM - INFO - CartPage : Blue Top is visible
08/16/2023 09:45:26 AM - INFO - CartPage : Men Tshirt is visible
08/16/2023 09:45:42 AM - INFO - AccntCreated : ACCOUNT CREATED! is visible
08/16/2023 09:45:51 AM - INFO - LoggedPage : Logged in as sad
08/16/2023 09:45:51 AM - INFO - LaunchPage : Homepage is visible
08/16/2023 09:45:56 AM - INFO - CartPage : Address Details is visible
08/16/2023 09:45:56 AM - INFO - CartPage : Review Your Order is visible
08/16/2023 09:51:01 AM - INFO - LaunchPage : Homepage is visible
08/16/2023 09:51:10 AM - INFO - LaunchPage : Homepage is visible
08/16/2023 09:51:14 AM - INFO - CartPage : Blue Top is visible
08/16/2023 09:51:14 AM - INFO - CartPage : Men Tshirt is visible
08/16/2023 09:51:35 AM - INFO - AccntCreated : ACCOUNT CREATED! is visible
08/16/2023 09:51:42 AM - INFO - LoggedPage : Logged in as sad
08/16/2023 09:51:42 AM - INFO - LaunchPage : Homepage is visible
08/16/2023 09:51:48 AM - INFO - CartPage : Address Details is visible
08/16/2023 09:51:49 AM - INFO - CartPage : Review Your Order is visible
08/16/2023 09:52:14 AM - INFO - LaunchPage : Homepage is visible
08/16/2023 09:52:26 AM - INFO - LaunchPage : Homepage is visible
08/16/2023 09:52:30 AM - INFO - CartPage : Blue Top is visible
08/16/2023 09:52:30 AM - INFO - CartPage : Men Tshirt is visible
08/16/2023 09:52:47 AM - INFO - AccntCreated : ACCOUNT CREATED! is visible
08/16/2023 09:52:57 AM - INFO - LoggedPage : Logged in as sad
08/16/2023 09:52:57 AM - INFO - LaunchPage : Homepage is visible
08/16/2023 09:53:03 AM - INFO - CartPage : Address Details is visible
08/16/2023 09:53:04 AM - INFO - CartPage : Review Your Order is visible
08/16/2023 09:54:02 AM - INFO - LaunchPage : Homepage is visible
08/16/2023 09:54:12 AM - INFO - LaunchPage : Homepage is visible
08/16/2023 09:54:16 AM - INFO - CartPage : Blue Top is visible
08/16/2023 09:54:16 AM - INFO - CartPage : Men Tshirt is visible
08/16/2023 09:56:00 AM - INFO - LaunchPage : Homepage is visible
08/16/2023 09:56:10 AM - INFO - LaunchPage : Homepage is visible
08/16/2023 09:56:13 AM - INFO - CartPage : Blue Top is visible
08/16/2023 09:56:13 AM - INFO - CartPage : Men Tshirt is visible
08/16/2023 09:56:31 AM - INFO - AccntCreated : ACCOUNT CREATED! is visible
08/16/2023 09:56:41 AM - INFO - LoggedPage : Logged in as sad
08/16/2023 09:56:41 AM - INFO - LaunchPage : Homepage is visible
08/16/2023 09:56:48 AM - INFO - CartPage : Address Details is visible
08/16/2023 09:56:48 AM - INFO - CartPage : Review Your Order is visible
08/16/2023 09:57:00 AM - INFO - AccntDeleted : ACCOUNT DELETED! is visible
08/16/2023 10:00:29 AM - INFO - LaunchPage : Homepage is visible
08/16/2023 10:00:37 AM - INFO - LaunchPage : Homepage is visible
08/16/2023 10:00:40 AM - INFO - CartPage : Blue Top is visible
08/16/2023 10:00:41 AM - INFO - CartPage : Men Tshirt is visible
08/16/2023 10:00:57 AM - INFO - AccntCreated : ACCOUNT CREATED! is visible
08/16/2023 10:01:08 AM - INFO - LoggedPage : Logged in as sad
08/16/2023 10:01:08 AM - INFO - LaunchPage : Homepage is visible
08/16/2023 10:01:14 AM - INFO - CartPage : Address Details is visible
08/16/2023 10:01:14 AM - INFO - CartPage : Review Your Order is visible
08/16/2023 10:02:23 AM - INFO - LaunchPage : Homepage is visible
08/16/2023 10:02:34 AM - INFO - LaunchPage : Homepage is visible
08/16/2023 10:02:38 AM - INFO - CartPage : Blue Top is visible
08/16/2023 10:02:39 AM - INFO - CartPage : Men Tshirt is visible
08/16/2023 10:02:57 AM - INFO - AccntCreated : ACCOUNT CREATED! is visible
08/16/2023 10:03:18 AM - INFO - LoggedPage : Logged in as sad
08/16/2023 10:03:18 AM - INFO - LaunchPage : Homepage is visible
08/16/2023 10:03:25 AM - INFO - CartPage : Address Details is visible
08/16/2023 10:03:26 AM - INFO - CartPage : Review Your Order is visible
08/16/2023 10:05:58 AM - INFO - LaunchPage : Homepage is visible
08/16/2023 10:06:05 AM - INFO - LaunchPage : Homepage is visible
08/16/2023 10:06:08 AM - INFO - CartPage : Blue Top is visible
08/16/2023 10:06:08 AM - INFO - CartPage : Men Tshirt is visible
08/16/2023 10:06:23 AM - INFO - AccntCreated : ACCOUNT CREATED! is visible
08/16/2023 10:06:37 AM - INFO - LoggedPage : Logged in as sad
08/16/2023 10:06:37 AM - INFO - LaunchPage : Homepage is visible
08/16/2023 10:06:42 AM - INFO - CartPage : Address Details is visible
08/16/2023 10:06:43 AM - INFO - CartPage : Review Your Order is visible
08/16/2023 10:09:01 AM - INFO - LaunchPage : Homepage is visible
08/16/2023 10:09:08 AM - INFO - LaunchPage : Homepage is visible
08/16/2023 10:09:11 AM - INFO - CartPage : Blue Top is visible
08/16/2023 10:09:11 AM - INFO - CartPage : Men Tshirt is visible
08/16/2023 10:09:28 AM - INFO - AccntCreated : ACCOUNT CREATED! is visible
08/16/2023 10:09:36 AM - INFO - LoggedPage : Logged in as sad
08/16/2023 10:09:36 AM - INFO - LaunchPage : Homepage is visible
08/16/2023 10:09:42 AM - INFO - CartPage : Address Details is visible
08/16/2023 10:09:42 AM - INFO - CartPage : Review Your Order is visible
08/16/2023 10:12:41 AM - INFO - LaunchPage : Homepage is visible
08/16/2023 10:12:48 AM - INFO - LaunchPage : Homepage is visible
08/16/2023 10:12:50 AM - INFO - CartPage : Blue Top is visible
08/16/2023 10:12:50 AM - INFO - CartPage : Men Tshirt is visible
08/16/2023 10:13:08 AM - INFO - AccntCreated : ACCOUNT CREATED! is visible
08/16/2023 10:13:20 AM - INFO - LoggedPage : Logged in as sad
08/16/2023 10:13:20 AM - INFO - LaunchPage : Homepage is visible
08/16/2023 10:13:25 AM - INFO - CartPage : Address Details is visible
08/16/2023 10:13:25 AM - INFO - CartPage : Review Your Order is visible
08/16/2023 10:16:22 AM - INFO - LaunchPage : Homepage is visible
08/16/2023 10:16:28 AM - INFO - LaunchPage : Homepage is visible
08/16/2023 10:16:30 AM - INFO - CartPage : Blue Top is visible
08/16/2023 10:16:31 AM - INFO - CartPage : Men Tshirt is visible
08/16/2023 10:16:48 AM - INFO - AccntCreated : ACCOUNT CREATED! is visible
08/16/2023 10:17:00 AM - INFO - LoggedPage : Logged in as sad
08/16/2023 10:17:00 AM - INFO - LaunchPage : Homepage is visible
08/16/2023 10:17:06 AM - INFO - CartPage : Address Details is visible
08/16/2023 10:17:06 AM - INFO - CartPage : Review Your Order is visible
08/16/2023 10:17:35 AM - INFO - LaunchPage : Homepage is visible
08/16/2023 10:17:50 AM - INFO - LaunchPage : Homepage is visible
08/16/2023 10:17:54 AM - INFO - CartPage : Blue Top is visible
08/16/2023 10:17:54 AM - INFO - CartPage : Men Tshirt is visible
08/16/2023 10:18:38 AM - INFO - LaunchPage : Homepage is visible
08/16/2023 10:18:47 AM - INFO - LaunchPage : Homepage is visible
08/16/2023 10:18:50 AM - INFO - CartPage : Blue Top is visible
08/16/2023 10:18:51 AM - INFO - CartPage : Men Tshirt is visible
08/16/2023 10:19:06 AM - INFO - AccntCreated : ACCOUNT CREATED! is visible
08/16/2023 10:19:17 AM - INFO - LoggedPage : Logged in as sad
08/16/2023 10:19:17 AM - INFO - LaunchPage : Homepage is visible
08/16/2023 10:19:23 AM - INFO - CartPage : Address Details is visible
08/16/2023 10:19:23 AM - INFO - CartPage : Review Your Order is visible
08/16/2023 10:19:35 AM - INFO - AccntDeleted : ACCOUNT DELETED! is visible
08/16/2023 10:36:02 AM - INFO - LaunchPage : Homepage is visible
08/16/2023 10:36:17 AM - INFO - AccntCreated : ACCOUNT CREATED! is visible
08/16/2023 10:36:28 AM - INFO - LoggedPage : Logged in as sad
08/16/2023 10:57:31 AM - INFO - LaunchPage : Homepage is visible
08/16/2023 10:58:30 AM - INFO - LaunchPage : Homepage is visible
08/16/2023 11:02:03 AM - INFO - LaunchPage : Homepage is visible
08/16/2023 11:07:41 AM - INFO - LaunchPage : Homepage is visible
08/16/2023 11:07:42 AM - INFO - SignupPage : New User Signup! is visible
08/16/2023 11:07:44 AM - INFO - AccntInfo : ENTER ACCOUNT INFORMATION is visible
08/16/2023 11:07:53 AM - INFO - AccntCreated : ACCOUNT CREATED! is visible
08/16/2023 11:07:59 AM - INFO - LoggedPage : Logged in as sad
08/16/2023 11:08:01 AM - INFO - AccntDeleted : ACCOUNT DELETED! is visible
08/16/2023 11:08:15 AM - INFO - LaunchPage : Homepage is visible
08/16/2023 11:08:20 AM - INFO - LaunchPage : SUBSCRIPTION is visible
08/16/2023 11:08:20 AM - INFO - LaunchPage : You have been successfully subscribed!
SUBSCRIPTION
Get the most recent updates from
our site and be updated your self... is visible
08/16/2023 11:09:42 AM - INFO - LaunchPage : Homepage is visible
08/16/2023 11:09:54 AM - INFO - AccntCreated : ACCOUNT CREATED! is visible
08/16/2023 11:09:59 AM - INFO - LoggedPage : Logged in as sad
08/16/2023 11:10:00 AM - INFO - LaunchPage : Homepage is visible
08/16/2023 11:10:00 AM - INFO - CartPage : Blue Top is visible
08/16/2023 11:10:01 AM - INFO - CartPage : Men Tshirt is visible
08/16/2023 11:10:03 AM - INFO - CartPage : Address Details is visible
08/16/2023 11:10:03 AM - INFO - CartPage : Review Your Order is visible
08/16/2023 11:10:12 AM - INFO - AccntDeleted : ACCOUNT DELETED! is visible
08/16/2023 11:27:33 AM - INFO - LaunchPage : Homepage is visible
08/16/2023 11:27:41 AM - INFO - LoggedPage : Logged in as testlogout
08/16/2023 11:27:42 AM - INFO - LaunchPage : Homepage is visible
08/16/2023 11:27:45 AM - INFO - CartPage : Blue Top is visible
08/16/2023 11:27:46 AM - INFO - CartPage : Men Tshirt is visible
08/16/2023 11:27:49 AM - INFO - CartPage : Address Details is visible
08/16/2023 11:27:49 AM - INFO - CartPage : Review Your Order is visible
08/16/2023 11:28:00 AM - INFO - AccntDeleted : ACCOUNT DELETED! is visible
08/16/2023 11:46:05 AM - INFO - LaunchPage : Homepage is visible
08/16/2023 11:48:20 AM - INFO - LaunchPage : Homepage is visible
08/16/2023 11:48:42 AM - INFO - LaunchPage : Homepage is visible
08/16/2023 11:48:45 AM - INFO - CartPage : Blue Top is visible
08/16/2023 11:48:46 AM - INFO - CartPage : Men Tshirt is visible
08/16/2023 11:50:23 AM - INFO - LaunchPage : Homepage is visible
08/16/2023 11:50:38 AM - INFO - LaunchPage : Homepage is visible
08/16/2023 11:50:41 AM - INFO - CartPage : Blue Top is visible
08/16/2023 11:50:42 AM - INFO - CartPage : Men Tshirt is visible
08/16/2023 11:52:19 AM - INFO - LaunchPage : Homepage is visible
08/16/2023 11:52:38 AM - INFO - LaunchPage : Homepage is visible
08/16/2023 11:52:41 AM - INFO - CartPage : Blue Top is visible
08/16/2023 11:52:42 AM - INFO - CartPage : Men Tshirt is visible
08/16/2023 11:52:42 AM - INFO - CartPage : True
08/16/2023 11:54:00 AM - INFO - LaunchPage : Homepage is visible
08/16/2023 11:54:07 AM - INFO - LaunchPage : Homepage is visible
08/16/2023 11:54:08 AM - INFO - CartPage : Blue Top is visible
08/16/2023 11:54:09 AM - INFO - CartPage : Men Tshirt is visible
08/16/2023 01:42:04 PM - INFO - LaunchPage : Homepage is visible
08/16/2023 01:42:12 PM - INFO - LaunchPage : Homepage is visible
08/16/2023 01:42:14 PM - INFO - CartPage : Blue Top is visible
08/16/2023 01:42:14 PM - INFO - CartPage : Men Tshirt is visible
08/16/2023 01:42:14 PM - INFO - CartPage : True
08/16/2023 01:45:59 PM - INFO - LaunchPage : Homepage is visible
08/16/2023 01:46:08 PM - INFO - LaunchPage : Homepage is visible
08/16/2023 01:46:11 PM - INFO - CartPage : Blue Top is visible
08/16/2023 01:46:12 PM - INFO - CartPage : Men Tshirt is visible
08/16/2023 01:58:10 PM - INFO - LaunchPage : Homepage is visible
08/16/2023 01:58:15 PM - INFO - LaunchPage : True
08/16/2023 02:18:37 PM - INFO - LaunchPage : Homepage is visible
08/16/2023 02:18:42 PM - INFO - LaunchPage : True
08/16/2023 02:18:45 PM - INFO - ProductsPage : WOMEN - TOPS PRODUCTS is visible
08/16/2023 02:18:50 PM - INFO - ProductsPage : MEN - TSHIRTS PRODUCTS is visible
08/16/2023 02:35:44 PM - INFO - LaunchPage : Homepage is visible
08/16/2023 02:36:08 PM - INFO - ProductsPage : True
08/16/2023 02:36:58 PM - INFO - LaunchPage : Homepage is visible
08/16/2023 02:37:04 PM - INFO - ProductsPage : True
08/16/2023 02:42:20 PM - INFO - LaunchPage : Homepage is visible
08/16/2023 02:42:30 PM - INFO - ProductsPage : True
08/16/2023 02:42:34 PM - INFO - ProductsPage : BRAND - POLO PRODUCTS is visible
08/16/2023 02:44:04 PM - INFO - LaunchPage : Homepage is visible
08/16/2023 02:44:12 PM - INFO - ProductsPage : True
08/16/2023 02:44:16 PM - INFO - ProductsPage : BRAND - POLO PRODUCTS is visible
08/16/2023 02:44:19 PM - INFO - ProductsPage : BRAND - H&M PRODUCTS is visible
08/16/2023 02:47:34 PM - INFO - LaunchPage : Homepage is visible
08/16/2023 02:47:36 PM - INFO - CartPage : Blue Top is visible
08/16/2023 02:47:37 PM - INFO - CartPage : Men Tshirt is visible
08/16/2023 02:47:37 PM - INFO - CartPage : True
08/16/2023 02:49:23 PM - INFO - LaunchPage : Homepage is visible
08/16/2023 02:49:27 PM - INFO - CartPage : Blue Top is visible
08/16/2023 02:49:27 PM - INFO - CartPage : Men Tshirt is visible
08/16/2023 02:49:40 PM - INFO - AccntCreated : ACCOUNT CREATED! is visible
08/16/2023 02:50:00 PM - INFO - LoggedPage : Logged in as sad
08/16/2023 02:50:00 PM - INFO - LaunchPage : Homepage is visible
08/16/2023 02:50:07 PM - INFO - CartPage : Address Details is visible
08/16/2023 02:50:07 PM - INFO - CartPage : Review Your Order is visible
08/16/2023 02:59:54 PM - INFO - LaunchPage : Homepage is visible
08/16/2023 03:00:00 PM - INFO - ProductsPage : ALL PRODUCTS is visible
08/16/2023 03:00:01 PM - INFO - ProductsPage : SEARCHED PRODUCTS is visible
08/16/2023 03:00:01 PM - INFO - ProductsPage : Men Tshirt is visible
08/16/2023 03:26:39 PM - INFO - LaunchPage : Homepage is visible
08/16/2023 03:27:07 PM - INFO - ProductsPage : ALL PRODUCTS is visible
08/16/2023 03:27:10 PM - INFO - ProductsPage : SEARCHED PRODUCTS is visible
08/16/2023 03:27:11 PM - INFO - ProductsPage : Men Tshirt is visible
08/16/2023 03:29:00 PM - INFO - LaunchPage : Homepage is visible
08/16/2023 03:29:26 PM - INFO - ProductsPage : ALL PRODUCTS is visible
08/16/2023 03:29:29 PM - INFO - ProductsPage : SEARCHED PRODUCTS is visible
08/16/2023 03:29:30 PM - INFO - ProductsPage : Men Tshirt is visible
08/16/2023 03:33:30 PM - INFO - LaunchPage : Homepage is visible
08/16/2023 03:33:42 PM - INFO - ProductsPage : ALL PRODUCTS is visible
08/16/2023 03:33:45 PM - INFO - ProductsPage : SEARCHED PRODUCTS is visible
08/16/2023 03:33:45 PM - INFO - ProductsPage : Men Tshirt is visible
08/16/2023 03:33:49 PM - INFO - CartPage : Men Tshirt is visible
08/16/2023 03:33:54 PM - INFO - CartPage : True
08/16/2023 03:35:50 PM - INFO - LaunchPage : Homepage is visible
08/16/2023 03:35:57 PM - INFO - ProductsPage : ALL PRODUCTS is visible
08/16/2023 03:36:00 PM - INFO - ProductsPage : SEARCHED PRODUCTS is visible
08/16/2023 03:36:01 PM - INFO - ProductsPage : Men Tshirt is visible
08/16/2023 03:36:04 PM - INFO - CartPage : Men Tshirt is visible
08/16/2023 03:36:14 PM - INFO - CartPage : True
08/16/2023 03:49:43 PM - INFO - LaunchPage : Homepage is visible
08/16/2023 03:49:46 PM - INFO - SignupPage : New User Signup! is visible
08/16/2023 03:49:48 PM - INFO - AccntInfo : ENTER ACCOUNT INFORMATION is visible
08/16/2023 03:49:51 PM - INFO - AccntCreated : ACCOUNT CREATED! is visible
08/16/2023 03:49:58 PM - INFO - LoggedPage : Logged in as sad
08/16/2023 03:49:59 PM - INFO - AccntDeleted : ACCOUNT DELETED! is visible
08/16/2023 04:25:01 PM - INFO - LaunchPage : Homepage is visible
08/16/2023 04:25:16 PM - INFO - ProductsPage : ALL PRODUCTS is visible
08/16/2023 04:28:05 PM - INFO - LaunchPage : Homepage is visible
08/16/2023 04:28:11 PM - INFO - ProductsPage : ALL PRODUCTS is visible
08/16/2023 04:28:13 PM - INFO - ProductsPage : WRITE YOUR REVIEW is visible
08/16/2023 04:45:14 PM - INFO - LaunchPage : Homepage is visible
08/16/2023 04:45:22 PM - INFO - ProductsPage : ALL PRODUCTS is visible
08/16/2023 04:45:26 PM - INFO - ProductsPage : WRITE YOUR REVIEW is visible
08/16/2023 04:45:27 PM - INFO - ProductsPage : Thank you for your review. is visible
08/16/2023 05:00:29 PM - INFO - LaunchPage : Homepage is visible
08/16/2023 05:00:35 PM - INFO - LaunchPage : RECOMMENDED ITEMS is visible
08/16/2023 05:05:43 PM - INFO - LaunchPage : Homepage is visible
08/16/2023 05:05:47 PM - INFO - LaunchPage : RECOMMENDED ITEMS is visible
08/16/2023 05:06:18 PM - INFO - LaunchPage : Homepage is visible
08/16/2023 05:06:23 PM - INFO - LaunchPage : RECOMMENDED ITEMS is visible
08/16/2023 05:06:25 PM - INFO - CartPage : True
08/16/2023 06:07:40 PM - INFO - LaunchPage : Homepage is visible
08/16/2023 06:11:45 PM - INFO - LaunchPage : Homepage is visible
08/16/2023 06:11:53 PM - INFO - AccntCreated : ACCOUNT CREATED! is visible
08/16/2023 06:12:01 PM - INFO - LoggedPage : Logged in as sad
08/16/2023 06:12:02 PM - INFO - LaunchPage : Homepage is visible
08/16/2023 06:12:04 PM - INFO - CartPage : Blue Top is visible
08/16/2023 06:12:05 PM - INFO - CartPage : Men Tshirt is visible
08/16/2023 06:17:37 PM - INFO - LaunchPage : Homepage is visible
08/16/2023 06:18:28 PM - INFO - LaunchPage : Homepage is visible
08/16/2023 06:18:36 PM - INFO - AccntCreated : ACCOUNT CREATED! is visible
08/16/2023 06:18:43 PM - INFO - LoggedPage : Logged in as sad
08/16/2023 06:18:44 PM - INFO - LaunchPage : Homepage is visible
08/16/2023 06:18:46 PM - INFO - CartPage : Blue Top is visible
08/16/2023 06:18:47 PM - INFO - CartPage : Men Tshirt is visible
08/16/2023 06:23:34 PM - INFO - LaunchPage : Homepage is visible
08/16/2023 06:23:54 PM - INFO - AccntCreated : ACCOUNT CREATED! is visible
08/16/2023 06:24:01 PM - INFO - LoggedPage : Logged in as sad
08/16/2023 06:24:02 PM - INFO - LaunchPage : Homepage is visible
08/16/2023 06:26:52 PM - INFO - LaunchPage : Homepage is visible
08/16/2023 06:30:41 PM - INFO - LaunchPage : Homepage is visible
08/16/2023 06:34:54 PM - INFO - LaunchPage : Homepage is visible
08/16/2023 06:36:25 PM - INFO - LaunchPage : Homepage is visible
08/16/2023 06:36:41 PM - INFO - AccntCreated : ACCOUNT CREATED! is visible
08/16/2023 06:36:52 PM - INFO - LoggedPage : Logged in as sad
08/16/2023 06:36:53 PM - INFO - LaunchPage : Homepage is visible
08/16/2023 06:36:56 PM - INFO - CartPage : Blue Top is visible
08/16/2023 06:36:56 PM - INFO - CartPage : Men Tshirt is visible
08/16/2023 06:37:00 PM - INFO - AccntDeleted : ACCOUNT DELETED! is visible
08/16/2023 07:07:45 PM - INFO - LaunchPage : Homepage is visible
08/16/2023 07:07:53 PM - INFO - AccntCreated : ACCOUNT CREATED! is visible
08/16/2023 07:08:11 PM - INFO - LoggedPage : Logged in as sad
08/16/2023 07:08:12 PM - INFO - LaunchPage : Homepage is visible
08/16/2023 07:08:15 PM - INFO - CartPage : Blue Top is visible
08/16/2023 07:08:15 PM - INFO - CartPage : Men Tshirt is visible
08/16/2023 07:11:31 PM - INFO - LaunchPage : Homepage is visible
08/16/2023 07:12:51 PM - INFO - LaunchPage : Homepage is visible
08/16/2023 07:17:27 PM - INFO - LaunchPage : Homepage is visible
08/16/2023 07:17:32 PM - INFO - AccntCreated : ACCOUNT CREATED! is visible
08/16/2023 07:17:43 PM - INFO - LoggedPage : Logged in as sad
08/16/2023 07:17:44 PM - INFO - LaunchPage : Homepage is visible
08/16/2023 07:17:47 PM - INFO - CartPage : Blue Top is visible
08/16/2023 07:17:47 PM - INFO - CartPage : Men Tshirt is visible
08/16/2023 07:19:34 PM - INFO - LaunchPage : Homepage is visible
08/16/2023 07:21:08 PM - INFO - LaunchPage : Homepage is visible
08/16/2023 07:21:14 PM - INFO - AccntCreated : ACCOUNT CREATED! is visible
08/16/2023 07:21:25 PM - INFO - LoggedPage : Logged in as sad
08/16/2023 07:21:26 PM - INFO - LaunchPage : Homepage is visible
08/16/2023 07:27:40 PM - INFO - LaunchPage : Homepage is visible
08/16/2023 07:28:04 PM - INFO - AccntCreated : ACCOUNT CREATED! is visible
08/16/2023 07:28:52 PM - INFO - LoggedPage : Logged in as sad
08/16/2023 07:28:54 PM - INFO - LaunchPage : Homepage is visible
08/16/2023 07:28:57 PM - INFO - CartPage : Blue Top is visible
08/16/2023 07:28:57 PM - INFO - CartPage : Men Tshirt is visible
08/16/2023 07:29:03 PM - INFO - AccntDeleted : ACCOUNT DELETED! is visible
08/16/2023 07:41:42 PM - INFO - LaunchPage : Homepage is visible
08/16/2023 07:41:48 PM - INFO - AccntCreated : ACCOUNT CREATED! is visible
08/16/2023 07:42:10 PM - INFO - LoggedPage : Logged in as sad
08/16/2023 07:42:12 PM - INFO - LaunchPage : Homepage is visible
08/16/2023 07:42:14 PM - INFO - CartPage : Blue Top is visible
08/16/2023 07:42:14 PM - INFO - CartPage : Men Tshirt is visible
08/16/2023 07:46:09 PM - INFO - LaunchPage : Homepage is visible
08/16/2023 07:46:15 PM - INFO - AccntCreated : ACCOUNT CREATED! is visible
08/16/2023 07:46:33 PM - INFO - LoggedPage : Logged in as sad
08/16/2023 07:46:34 PM - INFO - LaunchPage : Homepage is visible
08/16/2023 07:46:37 PM - INFO - CartPage : Blue Top is visible
08/16/2023 07:46:37 PM - INFO - CartPage : Men Tshirt is visible
08/16/2023 07:50:42 PM - INFO - LaunchPage : Homepage is visible
08/16/2023 07:50:51 PM - INFO - AccntCreated : ACCOUNT CREATED! is visible
08/16/2023 07:51:14 PM - INFO - LoggedPage : Logged in as sad
08/16/2023 07:51:15 PM - INFO - LaunchPage : Homepage is visible
08/16/2023 07:51:18 PM - INFO - CartPage : Blue Top is visible
08/16/2023 07:51:18 PM - INFO - CartPage : Men Tshirt is visible
08/16/2023 07:54:54 PM - INFO - LaunchPage : Homepage is visible
08/16/2023 07:55:01 PM - INFO - AccntCreated : ACCOUNT CREATED! is visible
08/16/2023 07:55:29 PM - INFO - LoggedPage : Logged in as sad
08/16/2023 07:55:30 PM - INFO - LaunchPage : Homepage is visible
08/16/2023 07:55:32 PM - INFO - CartPage : Blue Top is visible
08/16/2023 07:55:33 PM - INFO - CartPage : Men Tshirt is visible
08/16/2023 07:55:37 PM - INFO - AccntDeleted : ACCOUNT DELETED! is visible
