08/14/2023 10:21:49 AM - INFO - LaunchPage : Homepage is visible
08/14/2023 10:21:53 AM - INFO - TestCasesPage : TEST CASES is visible
08/14/2023 10:22:04 AM - INFO - LaunchPage : Homepage is visible
08/14/2023 10:22:09 AM - INFO - ProductsPage : ALL PRODUCTS is visible
08/14/2023 10:23:32 AM - INFO - LaunchPage : Homepage is visible
08/14/2023 10:23:37 AM - INFO - ProductsPage : ALL PRODUCTS is visible
08/14/2023 10:30:42 AM - INFO - LaunchPage : Homepage is visible
08/14/2023 10:33:12 AM - INFO - LaunchPage : Homepage is visible
08/14/2023 10:36:55 AM - INFO - LaunchPage : Homepage is visible
08/14/2023 10:37:00 AM - INFO - ProductsPage : ALL PRODUCTS is visible
08/14/2023 10:37:03 AM - INFO - ProductsPage : Blue Top is visible
08/14/2023 10:37:03 AM - INFO - ProductsPage : Category: Women > Tops is visible
08/14/2023 10:37:03 AM - INFO - ProductsPage : Rs. 500 is visible
08/14/2023 10:37:03 AM - INFO - ProductsPage : Availability: In Stock is visible
08/14/2023 10:46:17 AM - INFO - LaunchPage : Homepage is visible
08/14/2023 10:46:22 AM - INFO - ProductsPage : ALL PRODUCTS is visible
08/14/2023 10:46:25 AM - INFO - ProductsPage : Blue Top is visible
08/14/2023 10:46:26 AM - INFO - ProductsPage : Category: Women > Tops is visible
08/14/2023 10:46:26 AM - INFO - ProductsPage : Rs. 500 is visible
08/14/2023 10:46:26 AM - INFO - ProductsPage : Availability: In Stock is visible
08/14/2023 10:52:02 AM - INFO - LaunchPage : Homepage is visible
08/14/2023 10:53:05 AM - INFO - LaunchPage : Homepage is visible
08/14/2023 10:53:10 AM - INFO - ProductsPage : ALL PRODUCTS is visible
08/14/2023 10:53:17 AM - INFO - ProductsPage : Blue Top is visible
08/14/2023 10:53:18 AM - INFO - ProductsPage : Category: Women > Tops is visible
08/14/2023 10:53:18 AM - INFO - ProductsPage : Rs. 500 is visible
08/14/2023 10:53:18 AM - INFO - ProductsPage : Availability: In Stock is visible
08/14/2023 10:59:10 AM - INFO - LaunchPage : Homepage is visible
08/14/2023 10:59:41 AM - INFO - ProductsPage : ALL PRODUCTS is visible
08/14/2023 10:59:46 AM - INFO - ProductsPage : Blue Top is visible
08/14/2023 10:59:46 AM - INFO - ProductsPage : Category: Women > Tops is visible
08/14/2023 10:59:47 AM - INFO - ProductsPage : Rs. 500 is visible
08/14/2023 10:59:47 AM - INFO - ProductsPage : Availability: In Stock is visible
08/14/2023 11:04:38 AM - INFO - LaunchPage : Homepage is visible
08/14/2023 11:05:26 AM - INFO - ProductsPage : ALL PRODUCTS is visible
08/14/2023 11:05:30 AM - INFO - ProductsPage : Blue Top is visible
08/14/2023 11:05:30 AM - INFO - ProductsPage : Category: Women > Tops is visible
08/14/2023 11:05:30 AM - INFO - ProductsPage : Rs. 500 is visible
08/14/2023 11:05:30 AM - INFO - ProductsPage : Availability: In Stock is visible
08/14/2023 11:11:57 AM - INFO - LaunchPage : Homepage is visible
08/14/2023 11:12:02 AM - INFO - ProductsPage : ALL PRODUCTS is visible
08/14/2023 11:12:04 AM - INFO - ProductsPage : Blue Top is visible
08/14/2023 11:12:04 AM - INFO - ProductsPage : Category: Women > Tops is visible
08/14/2023 11:12:04 AM - INFO - ProductsPage : Rs. 500 is visible
08/14/2023 11:12:04 AM - INFO - ProductsPage :  is visible
08/14/2023 11:29:08 AM - INFO - LaunchPage : Homepage is visible
08/14/2023 11:29:11 AM - INFO - ProductsPage : ALL PRODUCTS is visible
08/14/2023 11:29:13 AM - INFO - ProductsPage : Blue Top is visible
08/14/2023 11:29:13 AM - INFO - ProductsPage : Category: Women > Tops is visible
08/14/2023 11:29:13 AM - INFO - ProductsPage : Rs. 500 is visible
08/14/2023 11:30:48 AM - INFO - LaunchPage : Homepage is visible
08/14/2023 11:30:52 AM - INFO - ProductsPage : ALL PRODUCTS is visible
08/14/2023 11:30:53 AM - INFO - ProductsPage : Blue Top is visible
08/14/2023 11:30:53 AM - INFO - ProductsPage : Category: Women > Tops is visible
08/14/2023 11:30:54 AM - INFO - ProductsPage : Rs. 500 is visible
08/14/2023 11:32:42 AM - INFO - LaunchPage : Homepage is visible
08/14/2023 11:32:45 AM - INFO - ProductsPage : ALL PRODUCTS is visible
08/14/2023 11:32:48 AM - INFO - ProductsPage : Blue Top is visible
08/14/2023 11:32:48 AM - INFO - ProductsPage : Category: Women > Tops is visible
08/14/2023 11:32:48 AM - INFO - ProductsPage : Rs. 500 is visible
08/14/2023 11:37:20 AM - INFO - LaunchPage : Homepage is visible
08/14/2023 11:38:50 AM - INFO - ProductsPage : ALL PRODUCTS is visible
08/14/2023 11:38:55 AM - INFO - ProductsPage : Blue Top is visible
08/14/2023 11:38:55 AM - INFO - ProductsPage : Category: Women > Tops is visible
08/14/2023 11:38:55 AM - INFO - ProductsPage : Rs. 500 is visible
08/14/2023 11:38:55 AM - INFO - ProductsPage : Availability: is visible
08/14/2023 11:38:55 AM - INFO - ProductsPage : Condition: is visible
08/14/2023 11:38:55 AM - INFO - ProductsPage : Brand: is visible
08/14/2023 02:07:35 PM - INFO - LaunchPage : Homepage is visible
08/14/2023 02:07:42 PM - INFO - ProductsPage : ALL PRODUCTS is visible
08/14/2023 02:07:54 PM - INFO - ProductsPage : SEARCHED PRODUCTS is visible
08/14/2023 02:07:55 PM - INFO - ProductsPage : Men Tshirt is visible
08/14/2023 02:25:14 PM - INFO - LaunchPage : Homepage is visible
08/14/2023 02:26:32 PM - INFO - LaunchPage : Homepage is visible
08/14/2023 02:30:03 PM - INFO - LaunchPage : Homepage is visible
08/14/2023 02:32:11 PM - INFO - LaunchPage : Homepage is visible
08/14/2023 02:40:27 PM - INFO - LaunchPage : Homepage is visible
08/14/2023 02:42:39 PM - INFO - LaunchPage : Homepage is visible
08/14/2023 02:45:40 PM - INFO - LaunchPage : Homepage is visible
08/14/2023 03:03:50 PM - INFO - LaunchPage : Homepage is visible
08/14/2023 03:05:44 PM - INFO - LaunchPage : Homepage is visible
08/14/2023 03:05:56 PM - INFO - LaunchPage : SUBSCRIPTION is visible
08/14/2023 03:05:56 PM - INFO - LaunchPage : You have been successfully subscribed!
SUBSCRIPTION
Get the most recent updates from
our site and be updated your self... is visible
08/14/2023 03:22:35 PM - INFO - LaunchPage : Homepage is visible
08/14/2023 03:22:46 PM - INFO - LaunchPage : SUBSCRIPTION is visible
08/14/2023 03:22:49 PM - INFO - LaunchPage : SUBSCRIPTION
Get the most recent updates from
our site and be updated your self... is visible
08/14/2023 03:32:42 PM - INFO - LaunchPage : Homepage is visible
08/14/2023 03:32:49 PM - INFO - LaunchPage : SUBSCRIPTION is visible
08/14/2023 03:32:53 PM - INFO - LaunchPage : You have been successfully subscribed!
SUBSCRIPTION
Get the most recent updates from
our site and be updated your self... is visible
08/14/2023 03:35:20 PM - INFO - LaunchPage : Homepage is visible
08/14/2023 03:35:36 PM - INFO - LaunchPage : SUBSCRIPTION is visible
08/14/2023 03:35:36 PM - INFO - LaunchPage : You have been successfully subscribed!
SUBSCRIPTION
Get the most recent updates from
our site and be updated your self... is visible
08/14/2023 03:42:02 PM - INFO - LaunchPage : Homepage is visible
08/14/2023 03:42:20 PM - INFO - LaunchPage : SUBSCRIPTION is visible
08/14/2023 03:43:37 PM - INFO - LaunchPage : Homepage is visible
08/14/2023 03:43:57 PM - INFO - LaunchPage : SUBSCRIPTION is visible
08/14/2023 03:43:57 PM - INFO - LaunchPage : You have been successfully subscribed!
SUBSCRIPTION
Get the most recent updates from
our site and be updated your self... is visible
