08/09/2023 01:23:40 PM - INFO - LaunchPage : Homepage is visible
08/09/2023 01:23:51 PM - INFO - SignupPage : New User Signup! is visible
08/09/2023 01:24:09 PM - INFO - AccntInfo : ENTER ACCOUNT INFORMATION is visible
08/09/2023 01:26:03 PM - INFO - LaunchPage : Homepage is visible
08/09/2023 01:26:06 PM - INFO - SignupPage : New User Signup! is visible
08/09/2023 01:26:35 PM - INFO - AccntInfo : ENTER ACCOUNT INFORMATION is visible
08/09/2023 01:27:15 PM - INFO - AccntCreated : ACCOUNT CREATED! is visible
08/09/2023 01:32:21 PM - INFO - LaunchPage : Homepage is visible
08/09/2023 01:33:12 PM - INFO - SignupPage : New User Signup! is visible
08/09/2023 01:33:22 PM - INFO - AccntInfo : ENTER ACCOUNT INFORMATION is visible
08/09/2023 01:34:08 PM - INFO - AccntCreated : ACCOUNT CREATED! is visible
08/09/2023 01:34:53 PM - INFO - LoggedPage : Logged in as sad
08/09/2023 01:35:01 PM - INFO - AccntDeleted : ACCOUNT DELETED! is visible
08/09/2023 01:46:53 PM - INFO - LaunchPage : Homepage is visible
08/09/2023 01:46:57 PM - INFO - SignupPage : New User Signup! is visible
08/09/2023 01:47:00 PM - INFO - AccntInfo : ENTER ACCOUNT INFORMATION is visible
08/09/2023 01:47:18 PM - INFO - AccntCreated : ACCOUNT CREATED! is visible
08/09/2023 01:48:52 PM - INFO - LoggedPage : Logged in as sad
08/09/2023 01:48:55 PM - INFO - AccntDeleted : ACCOUNT DELETED! is visible
08/09/2023 06:42:28 PM - INFO - LaunchPage : Homepage is visible
08/09/2023 06:42:31 PM - INFO - SignupPage : New User Signup! is visible
08/09/2023 06:42:31 PM - INFO - LaunchPage : Homepage is visible
08/09/2023 06:42:35 PM - INFO - AccntInfo : ENTER ACCOUNT INFORMATION is visible
08/09/2023 06:42:47 PM - INFO - AccntCreated : ACCOUNT CREATED! is visible
