08/17/2023 07:49:15 AM - INFO - LaunchPage : Homepage is visible
08/17/2023 07:49:25 AM - INFO - AccntCreated : ACCOUNT CREATED! is visible
08/17/2023 07:49:31 AM - INFO - LoggedPage : Logged in as sad
08/17/2023 07:49:32 AM - INFO - LaunchPage : Homepage is visible
08/17/2023 07:49:33 AM - INFO - CartPage : Blue Top is visible
08/17/2023 07:49:33 AM - INFO - CartPage : Men Tshirt is visible
08/17/2023 07:49:39 AM - INFO - AccntDeleted : ACCOUNT DELETED! is visible
08/17/2023 07:54:35 AM - INFO - LaunchPage : Homepage is visible
08/17/2023 07:55:48 AM - INFO - LaunchPage : Homepage is visible
08/17/2023 07:55:58 AM - INFO - AccntCreated : ACCOUNT CREATED! is visible
08/17/2023 07:56:03 AM - INFO - LoggedPage : Logged in as sad
08/17/2023 07:56:03 AM - INFO - LaunchPage : Homepage is visible
08/17/2023 07:56:05 AM - INFO - CartPage : Blue Top is visible
08/17/2023 07:56:05 AM - INFO - CartPage : Men Tshirt is visible
08/17/2023 08:04:43 AM - INFO - LaunchPage : Homepage is visible
08/17/2023 08:05:11 AM - INFO - LaunchPage : Homepage is visible
08/17/2023 08:05:20 AM - INFO - AccntCreated : ACCOUNT CREATED! is visible
08/17/2023 08:05:25 AM - INFO - LoggedPage : Logged in as sad
08/17/2023 08:05:25 AM - INFO - LaunchPage : Homepage is visible
08/17/2023 08:05:27 AM - INFO - CartPage : Blue Top is visible
08/17/2023 08:05:27 AM - INFO - CartPage : Men Tshirt is visible
08/17/2023 08:05:32 AM - INFO - AccntDeleted : ACCOUNT DELETED! is visible
08/17/2023 08:06:40 AM - INFO - LaunchPage : Homepage is visible
08/17/2023 08:06:50 AM - INFO - AccntCreated : ACCOUNT CREATED! is visible
08/17/2023 08:07:00 AM - INFO - LoggedPage : Logged in as sad
08/17/2023 08:07:01 AM - INFO - LaunchPage : Homepage is visible
08/17/2023 08:27:38 AM - INFO - LaunchPage : Homepage is visible
08/17/2023 08:28:16 AM - INFO - LaunchPage : Homepage is visible
08/17/2023 08:28:28 AM - INFO - AccntCreated : ACCOUNT CREATED! is visible
08/17/2023 08:28:33 AM - INFO - LoggedPage : Logged in as sad
08/17/2023 08:28:34 AM - INFO - LaunchPage : Homepage is visible
08/17/2023 08:29:02 AM - INFO - LaunchPage : Homepage is visible
08/17/2023 08:29:11 AM - INFO - AccntCreated : ACCOUNT CREATED! is visible
08/17/2023 08:29:15 AM - INFO - LoggedPage : Logged in as sad
08/17/2023 08:29:16 AM - INFO - LaunchPage : Homepage is visible
08/17/2023 08:29:19 AM - INFO - CartPage : Blue Top is visible
08/17/2023 08:29:19 AM - INFO - CartPage : Men Tshirt is visible
08/17/2023 08:32:40 AM - INFO - LaunchPage : Homepage is visible
08/17/2023 08:32:52 AM - INFO - AccntCreated : ACCOUNT CREATED! is visible
08/17/2023 08:32:58 AM - INFO - LoggedPage : Logged in as sad
08/17/2023 08:32:59 AM - INFO - LaunchPage : Homepage is visible
08/17/2023 08:33:00 AM - INFO - CartPage : Blue Top is visible
08/17/2023 08:33:01 AM - INFO - CartPage : Men Tshirt is visible
08/17/2023 08:35:27 AM - INFO - LaunchPage : Homepage is visible
08/17/2023 08:35:37 AM - INFO - AccntCreated : ACCOUNT CREATED! is visible
08/17/2023 08:35:43 AM - INFO - LoggedPage : Logged in as sad
08/17/2023 08:35:43 AM - INFO - LaunchPage : Homepage is visible
08/17/2023 08:35:45 AM - INFO - CartPage : Blue Top is visible
08/17/2023 08:35:46 AM - INFO - CartPage : Men Tshirt is visible
08/17/2023 08:40:33 AM - INFO - LaunchPage : Homepage is visible
08/17/2023 08:40:42 AM - INFO - AccntCreated : ACCOUNT CREATED! is visible
08/17/2023 08:40:49 AM - INFO - LoggedPage : Logged in as sad
08/17/2023 08:40:51 AM - INFO - LaunchPage : Homepage is visible
08/17/2023 08:40:54 AM - INFO - CartPage : Blue Top is visible
08/17/2023 08:40:54 AM - INFO - CartPage : Men Tshirt is visible
08/17/2023 08:44:26 AM - INFO - LaunchPage : Homepage is visible
08/17/2023 08:44:36 AM - INFO - AccntCreated : ACCOUNT CREATED! is visible
08/17/2023 08:44:42 AM - INFO - LoggedPage : Logged in as sad
08/17/2023 08:44:43 AM - INFO - LaunchPage : Homepage is visible
08/17/2023 08:44:46 AM - INFO - CartPage : Blue Top is visible
08/17/2023 08:44:46 AM - INFO - CartPage : Men Tshirt is visible
08/17/2023 08:44:51 AM - INFO - AccntDeleted : ACCOUNT DELETED! is visible
08/17/2023 08:47:35 AM - INFO - LaunchPage : Homepage is visible
08/17/2023 08:47:45 AM - INFO - AccntCreated : ACCOUNT CREATED! is visible
08/17/2023 08:47:50 AM - INFO - LoggedPage : Logged in as sad
08/17/2023 08:47:51 AM - INFO - LaunchPage : Homepage is visible
08/17/2023 08:47:52 AM - INFO - CartPage : Blue Top is visible
08/17/2023 08:47:53 AM - INFO - CartPage : Men Tshirt is visible
08/17/2023 08:48:57 AM - INFO - LaunchPage : Homepage is visible
08/17/2023 08:49:07 AM - INFO - AccntCreated : ACCOUNT CREATED! is visible
08/17/2023 08:49:13 AM - INFO - LoggedPage : Logged in as sad
08/17/2023 08:49:14 AM - INFO - LaunchPage : Homepage is visible
08/17/2023 08:49:18 AM - INFO - CartPage : Blue Top is visible
08/17/2023 08:49:18 AM - INFO - CartPage : Men Tshirt is visible
08/17/2023 09:01:34 AM - INFO - LaunchPage : Homepage is visible
08/17/2023 09:01:41 AM - INFO - AccntCreated : ACCOUNT CREATED! is visible
08/17/2023 09:01:53 AM - INFO - LoggedPage : Logged in as sad
08/17/2023 09:01:54 AM - INFO - LaunchPage : Homepage is visible
08/17/2023 09:01:56 AM - INFO - CartPage : Blue Top is visible
08/17/2023 09:01:56 AM - INFO - CartPage : Men Tshirt is visible
08/17/2023 09:02:01 AM - INFO - AccntDeleted : ACCOUNT DELETED! is visible
08/17/2023 09:03:09 AM - INFO - LaunchPage : Homepage is visible
08/17/2023 09:03:22 AM - INFO - AccntCreated : ACCOUNT CREATED! is visible
08/17/2023 09:03:32 AM - INFO - LoggedPage : Logged in as sad
08/17/2023 09:03:33 AM - INFO - LaunchPage : Homepage is visible
08/17/2023 09:03:36 AM - INFO - CartPage : Blue Top is visible
08/17/2023 09:03:36 AM - INFO - CartPage : Men Tshirt is visible
08/17/2023 09:03:41 AM - INFO - AccntDeleted : ACCOUNT DELETED! is visible
08/17/2023 09:04:09 AM - INFO - LaunchPage : Homepage is visible
08/17/2023 09:04:19 AM - INFO - AccntCreated : ACCOUNT CREATED! is visible
08/17/2023 09:04:24 AM - INFO - LoggedPage : Logged in as sad
08/17/2023 09:04:25 AM - INFO - LaunchPage : Homepage is visible
08/17/2023 09:04:27 AM - INFO - CartPage : Blue Top is visible
08/17/2023 09:04:27 AM - INFO - CartPage : Men Tshirt is visible
08/17/2023 09:19:36 AM - INFO - LaunchPage : Homepage is visible
08/17/2023 09:19:45 AM - INFO - AccntCreated : ACCOUNT CREATED! is visible
08/17/2023 09:19:50 AM - INFO - LoggedPage : Logged in as sad
08/17/2023 09:19:51 AM - INFO - LaunchPage : Homepage is visible
08/17/2023 09:19:52 AM - INFO - CartPage : Blue Top is visible
08/17/2023 09:19:52 AM - INFO - CartPage : Men Tshirt is visible
08/17/2023 09:19:56 AM - INFO - AccntDeleted : ACCOUNT DELETED! is visible
08/17/2023 09:26:02 AM - INFO - LaunchPage : Homepage is visible
08/17/2023 09:26:09 AM - INFO - ProductsPage : ALL PRODUCTS is visible
08/17/2023 09:26:11 AM - INFO - ProductsPage : WRITE YOUR REVIEW is visible
08/17/2023 09:37:14 AM - INFO - LaunchPage : Homepage is visible
08/17/2023 09:37:16 AM - INFO - CartPage : Blue Top is visible
08/17/2023 09:37:17 AM - INFO - CartPage : Men Tshirt is visible
08/17/2023 09:37:23 AM - INFO - AccntCreated : ACCOUNT CREATED! is visible
08/17/2023 09:37:30 AM - INFO - LoggedPage : Logged in as sad
08/17/2023 09:37:30 AM - INFO - LaunchPage : Homepage is visible
08/17/2023 09:37:35 AM - INFO - CartPage : Address Details is visible
08/17/2023 09:37:35 AM - INFO - CartPage : Review Your Order is visible
08/17/2023 09:43:58 AM - INFO - LaunchPage : Homepage is visible
08/17/2023 09:44:00 AM - INFO - CartPage : Blue Top is visible
08/17/2023 09:44:01 AM - INFO - CartPage : Men Tshirt is visible
08/17/2023 09:44:33 AM - INFO - LaunchPage : Homepage is visible
08/17/2023 09:44:36 AM - INFO - CartPage : Blue Top is visible
08/17/2023 09:44:37 AM - INFO - CartPage : Men Tshirt is visible
08/17/2023 09:44:43 AM - INFO - AccntCreated : ACCOUNT CREATED! is visible
08/17/2023 09:44:48 AM - INFO - LoggedPage : Logged in as sad
08/17/2023 09:44:48 AM - INFO - LaunchPage : Homepage is visible
08/17/2023 09:44:52 AM - INFO - CartPage : Address Details is visible
08/17/2023 09:46:40 AM - INFO - LaunchPage : Homepage is visible
08/17/2023 09:46:43 AM - INFO - CartPage : Blue Top is visible
08/17/2023 09:46:43 AM - INFO - CartPage : Men Tshirt is visible
08/17/2023 09:47:48 AM - INFO - LaunchPage : Homepage is visible
08/17/2023 09:47:50 AM - INFO - CartPage : Blue Top is visible
08/17/2023 09:47:50 AM - INFO - CartPage : Men Tshirt is visible
08/17/2023 09:47:55 AM - INFO - AccntCreated : ACCOUNT CREATED! is visible
08/17/2023 09:48:06 AM - INFO - LoggedPage : Logged in as sad
08/17/2023 09:48:06 AM - INFO - LaunchPage : Homepage is visible
08/17/2023 09:48:12 AM - INFO - CartPage : Address Details is visible
08/17/2023 09:48:12 AM - INFO - CartPage : Review Your Order is visible
08/17/2023 09:51:24 AM - INFO - LaunchPage : Homepage is visible
08/17/2023 09:51:26 AM - INFO - CartPage : Blue Top is visible
08/17/2023 09:51:26 AM - INFO - CartPage : Men Tshirt is visible
08/17/2023 09:51:59 AM - INFO - LaunchPage : Homepage is visible
08/17/2023 09:52:01 AM - INFO - CartPage : Blue Top is visible
08/17/2023 09:52:27 AM - INFO - LaunchPage : Homepage is visible
08/17/2023 09:52:29 AM - INFO - CartPage : Blue Top is visible
08/17/2023 09:53:22 AM - INFO - LaunchPage : Homepage is visible
08/17/2023 09:53:25 AM - INFO - CartPage : Blue Top is visible
08/17/2023 09:53:25 AM - INFO - CartPage : Men Tshirt is visible
08/17/2023 09:53:31 AM - INFO - AccntCreated : ACCOUNT CREATED! is visible
08/17/2023 09:53:38 AM - INFO - LoggedPage : Logged in as sad
08/17/2023 09:53:39 AM - INFO - LaunchPage : Homepage is visible
08/17/2023 09:53:43 AM - INFO - CartPage : Address Details is visible
08/17/2023 09:53:43 AM - INFO - CartPage : Review Your Order is visible
08/17/2023 09:54:14 AM - INFO - LaunchPage : Homepage is visible
08/17/2023 09:54:16 AM - INFO - CartPage : Blue Top is visible
08/17/2023 09:54:17 AM - INFO - CartPage : Men Tshirt is visible
08/17/2023 09:55:31 AM - INFO - LaunchPage : Homepage is visible
08/17/2023 09:55:33 AM - INFO - CartPage : Blue Top is visible
08/17/2023 09:55:33 AM - INFO - CartPage : Men Tshirt is visible
08/17/2023 09:55:39 AM - INFO - AccntCreated : ACCOUNT CREATED! is visible
08/17/2023 09:55:42 AM - INFO - LoggedPage : Logged in as sad
08/17/2023 09:55:43 AM - INFO - LaunchPage : Homepage is visible
08/17/2023 09:55:45 AM - INFO - CartPage : Address Details is visible
08/17/2023 09:55:45 AM - INFO - CartPage : Review Your Order is visible
08/17/2023 09:55:57 AM - INFO - AccntDeleted : ACCOUNT DELETED! is visible
08/17/2023 09:56:50 AM - INFO - LaunchPage : Homepage is visible
08/17/2023 09:56:53 AM - INFO - CartPage : Blue Top is visible
08/17/2023 09:56:53 AM - INFO - CartPage : Men Tshirt is visible
08/17/2023 09:57:01 AM - INFO - AccntCreated : ACCOUNT CREATED! is visible
08/17/2023 09:57:10 AM - INFO - LoggedPage : Logged in as sad
08/17/2023 09:57:10 AM - INFO - LaunchPage : Homepage is visible
08/17/2023 09:57:15 AM - INFO - CartPage : Address Details is visible
08/17/2023 09:57:15 AM - INFO - CartPage : Review Your Order is visible
08/17/2023 11:26:18 AM - INFO - LaunchPage : Homepage is visible
08/17/2023 11:26:20 AM - INFO - CartPage : Blue Top is visible
08/17/2023 11:26:21 AM - INFO - CartPage : Men Tshirt is visible
08/17/2023 11:27:40 AM - INFO - LaunchPage : Homepage is visible
08/17/2023 11:27:41 AM - INFO - CartPage : Blue Top is visible
08/17/2023 11:27:41 AM - INFO - CartPage : Men Tshirt is visible
08/17/2023 11:27:53 AM - INFO - AccntCreated : ACCOUNT CREATED! is visible
08/17/2023 11:28:17 AM - INFO - LoggedPage : Logged in as sad
08/17/2023 11:28:17 AM - INFO - LaunchPage : Homepage is visible
08/17/2023 11:28:22 AM - INFO - CartPage : Address Details is visible
08/17/2023 11:28:22 AM - INFO - CartPage : Review Your Order is visible
08/17/2023 11:29:19 AM - INFO - LaunchPage : Homepage is visible
08/17/2023 11:29:21 AM - INFO - CartPage : Blue Top is visible
08/17/2023 11:29:22 AM - INFO - CartPage : Men Tshirt is visible
08/17/2023 11:30:00 AM - INFO - LaunchPage : Homepage is visible
08/17/2023 11:30:03 AM - INFO - CartPage : Blue Top is visible
08/17/2023 11:30:03 AM - INFO - CartPage : Men Tshirt is visible
08/17/2023 11:30:15 AM - INFO - AccntCreated : ACCOUNT CREATED! is visible
08/17/2023 11:30:23 AM - INFO - LoggedPage : Logged in as sad
08/17/2023 11:30:23 AM - INFO - LaunchPage : Homepage is visible
08/17/2023 11:30:30 AM - INFO - CartPage : Address Details is visible
08/17/2023 11:30:30 AM - INFO - CartPage : Review Your Order is visible
08/17/2023 11:34:10 AM - INFO - LaunchPage : Homepage is visible
08/17/2023 11:34:13 AM - INFO - CartPage : Blue Top is visible
08/17/2023 11:34:13 AM - INFO - CartPage : Men Tshirt is visible
08/17/2023 11:34:25 AM - INFO - AccntCreated : ACCOUNT CREATED! is visible
08/17/2023 11:34:31 AM - INFO - LoggedPage : Logged in as sad
08/17/2023 11:34:31 AM - INFO - LaunchPage : Homepage is visible
08/17/2023 11:34:37 AM - INFO - CartPage : Address Details is visible
08/17/2023 11:34:38 AM - INFO - CartPage : Review Your Order is visible
08/17/2023 11:35:16 AM - INFO - LaunchPage : Homepage is visible
08/17/2023 11:35:18 AM - INFO - CartPage : Blue Top is visible
08/17/2023 11:35:18 AM - INFO - CartPage : Men Tshirt is visible
08/17/2023 11:35:30 AM - INFO - AccntCreated : ACCOUNT CREATED! is visible
08/17/2023 11:35:37 AM - INFO - LoggedPage : Logged in as sad
08/17/2023 11:35:37 AM - INFO - LaunchPage : Homepage is visible
08/17/2023 11:35:41 AM - INFO - CartPage : Address Details is visible
08/17/2023 11:35:42 AM - INFO - CartPage : Review Your Order is visible
08/17/2023 11:37:37 AM - INFO - LaunchPage : Homepage is visible
08/17/2023 11:39:24 AM - INFO - LaunchPage : Homepage is visible
08/17/2023 11:39:35 AM - INFO - AccntCreated : ACCOUNT CREATED! is visible
08/17/2023 11:39:44 AM - INFO - LoggedPage : Logged in as sad
08/17/2023 11:39:45 AM - INFO - LaunchPage : Homepage is visible
08/17/2023 11:39:47 AM - INFO - CartPage : Blue Top is visible
08/17/2023 11:39:47 AM - INFO - CartPage : Men Tshirt is visible
08/17/2023 11:39:55 AM - INFO - AccntDeleted : ACCOUNT DELETED! is visible
08/17/2023 11:43:48 AM - INFO - LaunchPage : Homepage is visible
08/17/2023 11:43:51 AM - INFO - CartPage : Blue Top is visible
08/17/2023 11:43:51 AM - INFO - CartPage : Men Tshirt is visible
08/17/2023 11:44:01 AM - INFO - AccntCreated : ACCOUNT CREATED! is visible
08/17/2023 11:44:17 AM - INFO - LoggedPage : Logged in as sad
08/17/2023 11:44:17 AM - INFO - LaunchPage : Homepage is visible
08/17/2023 11:44:23 AM - INFO - CartPage : Address Details is visible
08/17/2023 11:44:24 AM - INFO - CartPage : Review Your Order is visible
08/17/2023 11:44:46 AM - INFO - AccntDeleted : ACCOUNT DELETED! is visible
08/17/2023 01:33:58 PM - INFO - LaunchPage : Homepage is visible
08/17/2023 01:34:09 PM - INFO - ProductsPage : ALL PRODUCTS is visible
08/17/2023 01:34:15 PM - INFO - ProductsPage : WRITE YOUR REVIEW is visible
08/17/2023 02:54:15 PM - INFO - LaunchPage : Homepage is visible
08/17/2023 02:54:20 PM - INFO - LaunchPage : SUBSCRIPTION is visible
08/17/2023 02:54:20 PM - INFO - LaunchPage : Full-Fledged practice website for Automation Engineers is visible
08/17/2023 03:08:27 PM - INFO - LaunchPage : Homepage is visible
08/17/2023 03:08:34 PM - INFO - LaunchPage : SUBSCRIPTION is visible
08/17/2023 03:08:34 PM - INFO - LaunchPage : Full-Fledged practice website for Automation Engineers is visible
