08/11/2023 09:29:21 AM - INFO - LaunchPage : Homepage is visible
08/11/2023 09:29:22 AM - INFO - SignupPage : New User Signup! is visible
08/11/2023 09:29:24 AM - INFO - AccntInfo : ENTER ACCOUNT INFORMATION is visible
08/11/2023 09:29:33 AM - INFO - AccntCreated : ACCOUNT CREATED! is visible
08/11/2023 09:29:39 AM - INFO - LoggedPage : Logged in as sad
08/11/2023 09:29:41 AM - INFO - AccntDeleted : ACCOUNT DELETED! is visible
08/11/2023 09:29:44 AM - INFO - LaunchPage : Homepage is visible
08/11/2023 09:29:46 AM - INFO - SignupPage : New User Signup! is visible
08/11/2023 09:29:47 AM - INFO - AccntInfo : ENTER ACCOUNT INFORMATION is visible
08/11/2023 09:29:56 AM - INFO - AccntCreated : ACCOUNT CREATED! is visible
08/11/2023 09:30:08 AM - INFO - LoggedPage : Logged in as jtest
08/11/2023 09:30:09 AM - INFO - AccntDeleted : ACCOUNT DELETED! is visible
08/11/2023 09:31:46 AM - INFO - LaunchPage : Homepage is visible
08/11/2023 09:31:47 AM - INFO - SignupPage : New User Signup! is visible
08/11/2023 09:31:47 AM - INFO - LaunchPage : Homepage is visible
08/11/2023 09:31:48 AM - INFO - SignupPage : New User Signup! is visible
08/11/2023 09:45:22 AM - INFO - LaunchPage : Homepage is visible
08/11/2023 09:45:23 AM - INFO - SignupPage : New User Signup! is visible
08/11/2023 10:08:01 AM - INFO - LaunchPage : Homepage is visible
08/11/2023 10:08:03 AM - INFO - SignupPage : New User Signup! is visible
08/11/2023 10:08:03 AM - INFO - LaunchPage : Homepage is visible
08/11/2023 10:08:05 AM - INFO - SignupPage : New User Signup! is visible
08/11/2023 10:09:53 AM - INFO - LaunchPage : Homepage is visible
08/11/2023 10:10:04 AM - INFO - SignupPage : New User Signup! is visible
08/11/2023 10:10:07 AM - INFO - AccntInfo : ENTER ACCOUNT INFORMATION is visible
08/11/2023 10:10:24 AM - INFO - LaunchPage : Homepage is visible
08/11/2023 10:10:25 AM - INFO - SignupPage : New User Signup! is visible
08/11/2023 10:10:28 AM - INFO - AccntInfo : ENTER ACCOUNT INFORMATION is visible
08/11/2023 10:10:37 AM - INFO - AccntCreated : ACCOUNT CREATED! is visible
08/11/2023 10:10:46 AM - INFO - LoggedPage : Logged in as jtest
08/11/2023 10:10:49 AM - INFO - AccntDeleted : ACCOUNT DELETED! is visible
08/11/2023 10:13:02 AM - INFO - LaunchPage : Homepage is visible
08/11/2023 10:13:04 AM - INFO - SignupPage : New User Signup! is visible
08/11/2023 10:13:07 AM - INFO - AccntInfo : ENTER ACCOUNT INFORMATION is visible
08/11/2023 10:13:24 AM - INFO - LaunchPage : Homepage is visible
08/11/2023 10:13:36 AM - INFO - SignupPage : New User Signup! is visible
08/11/2023 10:13:42 AM - INFO - AccntInfo : ENTER ACCOUNT INFORMATION is visible
08/11/2023 10:13:53 AM - INFO - AccntCreated : ACCOUNT CREATED! is visible
08/11/2023 10:18:42 AM - INFO - LoggedPage : Logged in as jtest
08/11/2023 10:18:46 AM - INFO - AccntDeleted : ACCOUNT DELETED! is visible
08/11/2023 10:20:55 AM - INFO - LaunchPage : Homepage is visible
08/11/2023 10:21:03 AM - INFO - SignupPage : New User Signup! is visible
08/11/2023 10:21:06 AM - INFO - AccntInfo : ENTER ACCOUNT INFORMATION is visible
08/11/2023 10:21:23 AM - INFO - LaunchPage : Homepage is visible
08/11/2023 10:21:24 AM - INFO - SignupPage : New User Signup! is visible
08/11/2023 10:21:43 AM - INFO - AccntInfo : ENTER ACCOUNT INFORMATION is visible
08/11/2023 10:21:52 AM - INFO - AccntCreated : ACCOUNT CREATED! is visible
08/11/2023 10:21:59 AM - INFO - LoggedPage : Logged in as jtest
08/11/2023 10:22:01 AM - INFO - AccntDeleted : ACCOUNT DELETED! is visible
08/11/2023 10:29:32 AM - INFO - LaunchPage : Homepage is visible
08/11/2023 10:29:56 AM - INFO - SignupPage : New User Signup! is visible
08/11/2023 10:29:58 AM - INFO - AccntInfo : ENTER ACCOUNT INFORMATION is visible
08/11/2023 10:30:15 AM - INFO - LaunchPage : Homepage is visible
08/11/2023 10:30:17 AM - INFO - SignupPage : New User Signup! is visible
08/11/2023 10:30:19 AM - INFO - AccntInfo : ENTER ACCOUNT INFORMATION is visible
08/11/2023 10:30:28 AM - INFO - AccntCreated : ACCOUNT CREATED! is visible
08/11/2023 10:30:35 AM - INFO - LoggedPage : Logged in as jtest
08/11/2023 10:30:37 AM - INFO - AccntDeleted : ACCOUNT DELETED! is visible
08/11/2023 10:38:03 AM - INFO - LaunchPage : Homepage is visible
08/11/2023 10:38:08 AM - INFO - SignupPage : New User Signup! is visible
08/11/2023 10:38:10 AM - INFO - AccntInfo : ENTER ACCOUNT INFORMATION is visible
08/11/2023 10:38:27 AM - INFO - LaunchPage : Homepage is visible
08/11/2023 10:38:29 AM - INFO - SignupPage : New User Signup! is visible
08/11/2023 10:38:31 AM - INFO - AccntInfo : ENTER ACCOUNT INFORMATION is visible
08/11/2023 10:38:40 AM - INFO - AccntCreated : ACCOUNT CREATED! is visible
08/11/2023 10:39:05 AM - INFO - LoggedPage : Logged in as jtest
08/11/2023 10:39:07 AM - INFO - AccntDeleted : ACCOUNT DELETED! is visible
08/11/2023 10:44:29 AM - INFO - LaunchPage : Homepage is visible
08/11/2023 10:44:30 AM - INFO - SignupPage : New User Signup! is visible
08/11/2023 10:44:32 AM - INFO - AccntInfo : ENTER ACCOUNT INFORMATION is visible
08/11/2023 10:44:49 AM - INFO - LaunchPage : Homepage is visible
08/11/2023 10:45:06 AM - INFO - SignupPage : New User Signup! is visible
08/11/2023 10:45:08 AM - INFO - AccntInfo : ENTER ACCOUNT INFORMATION is visible
08/11/2023 10:45:18 AM - INFO - AccntCreated : ACCOUNT CREATED! is visible
08/11/2023 10:46:43 AM - INFO - LoggedPage : Logged in as jtest
08/11/2023 10:46:45 AM - INFO - AccntDeleted : ACCOUNT DELETED! is visible
08/11/2023 10:51:21 AM - INFO - LaunchPage : Homepage is visible
08/11/2023 10:51:23 AM - INFO - SignupPage : New User Signup! is visible
08/11/2023 10:51:25 AM - INFO - AccntInfo : ENTER ACCOUNT INFORMATION is visible
08/11/2023 10:51:42 AM - INFO - LaunchPage : Homepage is visible
08/11/2023 10:51:43 AM - INFO - SignupPage : New User Signup! is visible
08/11/2023 11:31:59 AM - INFO - LaunchPage : Homepage is visible
08/11/2023 11:32:03 AM - INFO - SignupPage : New User Signup! is visible
08/11/2023 11:32:05 AM - INFO - AccntInfo : ENTER ACCOUNT INFORMATION is visible
08/11/2023 11:32:15 AM - INFO - AccntCreated : ACCOUNT CREATED! is visible
08/11/2023 11:37:23 AM - INFO - LaunchPage : Homepage is visible
08/11/2023 11:39:30 AM - INFO - LaunchPage : Homepage is visible
08/11/2023 11:39:52 AM - INFO - LaunchPage : Homepage is visible
08/11/2023 11:41:18 AM - INFO - LaunchPage : Homepage is visible
08/11/2023 11:41:20 AM - INFO - SignupPage : New User Signup! is visible
08/11/2023 11:42:20 AM - INFO - LaunchPage : Homepage is visible
08/11/2023 11:45:57 AM - INFO - LaunchPage : Homepage is visible
08/11/2023 11:45:59 AM - INFO - SignupPage : New User Signup! is visible
08/11/2023 11:46:02 AM - INFO - AccntInfo : ENTER ACCOUNT INFORMATION is visible
08/11/2023 11:46:10 AM - INFO - AccntCreated : ACCOUNT CREATED! is visible
08/11/2023 11:46:22 AM - INFO - LoggedPage : Logged in as sad
08/11/2023 11:46:24 AM - INFO - AccntDeleted : ACCOUNT DELETED! is visible
08/11/2023 11:49:38 AM - INFO - LaunchPage : Homepage is visible
08/11/2023 11:49:40 AM - INFO - SignupPage : New User Signup! is visible
08/11/2023 11:49:42 AM - INFO - AccntInfo : ENTER ACCOUNT INFORMATION is visible
08/11/2023 11:49:52 AM - INFO - AccntCreated : ACCOUNT CREATED! is visible
08/11/2023 11:50:24 AM - INFO - LoggedPage : Logged in as sad
08/11/2023 11:50:26 AM - INFO - AccntDeleted : ACCOUNT DELETED! is visible
08/11/2023 11:51:56 AM - INFO - LaunchPage : Homepage is visible
08/11/2023 11:52:03 AM - INFO - SignupPage : New User Signup! is visible
08/11/2023 11:52:15 AM - INFO - LaunchPage : Homepage is visible
08/11/2023 11:52:17 AM - INFO - SignupPage : Login to your account is visible
08/11/2023 11:54:11 AM - INFO - LaunchPage : Homepage is visible
08/11/2023 11:54:15 AM - INFO - SignupPage : New User Signup! is visible
08/11/2023 11:54:26 AM - INFO - LaunchPage : Homepage is visible
08/11/2023 11:54:30 AM - INFO - SignupPage : Login to your account is visible
08/11/2023 11:57:41 AM - INFO - LaunchPage : Homepage is visible
08/11/2023 11:57:44 AM - INFO - SignupPage : New User Signup! is visible
08/11/2023 11:59:10 AM - INFO - LaunchPage : Homepage is visible
08/11/2023 11:59:12 AM - INFO - SignupPage : New User Signup! is visible
08/11/2023 11:59:22 AM - INFO - LaunchPage : Homepage is visible
08/11/2023 11:59:23 AM - INFO - SignupPage : Login to your account is visible
08/11/2023 12:02:20 PM - INFO - LaunchPage : Homepage is visible
08/11/2023 12:02:25 PM - INFO - SignupPage : New User Signup! is visible
08/11/2023 12:04:21 PM - INFO - LaunchPage : Homepage is visible
08/11/2023 12:04:23 PM - INFO - SignupPage : New User Signup! is visible
08/11/2023 12:04:36 PM - INFO - LaunchPage : Homepage is visible
08/11/2023 12:04:41 PM - INFO - SignupPage : Login to your account is visible
08/11/2023 12:05:00 PM - INFO - LoggedPage : Logged in as jack
08/11/2023 12:05:03 PM - INFO - AccntDeleted : ACCOUNT DELETED! is visible
08/11/2023 01:05:15 PM - INFO - LaunchPage : Homepage is visible
08/11/2023 01:05:16 PM - INFO - SignupPage : New User Signup! is visible
08/11/2023 01:07:57 PM - INFO - LaunchPage : Homepage is visible
08/11/2023 01:07:59 PM - INFO - SignupPage : New User Signup! is visible
08/11/2023 01:08:09 PM - INFO - LaunchPage : Homepage is visible
08/11/2023 01:08:11 PM - INFO - SignupPage : Login to your account is visible
08/11/2023 01:10:05 PM - INFO - LaunchPage : Homepage is visible
08/11/2023 01:10:09 PM - INFO - SignupPage : New User Signup! is visible
08/11/2023 01:14:47 PM - INFO - LaunchPage : Homepage is visible
08/11/2023 01:14:49 PM - INFO - SignupPage : New User Signup! is visible
08/11/2023 01:15:10 PM - INFO - LaunchPage : Homepage is visible
08/11/2023 01:15:13 PM - INFO - SignupPage : Login to your account is visible
08/11/2023 01:15:23 PM - INFO - LoggedPage : Logged in as jack
08/11/2023 01:15:26 PM - INFO - AccntDeleted : ACCOUNT DELETED! is visible
08/11/2023 01:27:07 PM - INFO - LaunchPage : Homepage is visible
08/11/2023 01:27:09 PM - INFO - SignupPage : New User Signup! is visible
08/11/2023 01:28:33 PM - INFO - LaunchPage : Homepage is visible
08/11/2023 01:28:35 PM - INFO - SignupPage : New User Signup! is visible
08/11/2023 01:28:47 PM - INFO - LaunchPage : Homepage is visible
08/11/2023 01:28:49 PM - INFO - SignupPage : Login to your account is visible
08/11/2023 01:30:06 PM - INFO - LoggedPage : Logged in as jack
08/11/2023 01:30:10 PM - INFO - AccntDeleted : ACCOUNT DELETED! is visible
08/11/2023 01:30:30 PM - INFO - LaunchPage : Homepage is visible
08/11/2023 01:30:32 PM - INFO - SignupPage : Login to your account is visible
08/11/2023 01:30:34 PM - INFO - SignupPage : Your email or password is incorrect! is visible
08/11/2023 01:49:31 PM - INFO - LaunchPage : Homepage is visible
08/11/2023 01:49:38 PM - INFO - SignupPage : New User Signup! is visible
08/11/2023 01:49:53 PM - INFO - LaunchPage : Homepage is visible
08/11/2023 01:50:04 PM - INFO - SignupPage : Login to your account is visible
08/11/2023 01:50:14 PM - INFO - LoggedPage : Logged in as jack
08/11/2023 01:50:16 PM - INFO - AccntDeleted : ACCOUNT DELETED! is visible
08/11/2023 02:07:28 PM - INFO - LaunchPage : Homepage is visible
08/11/2023 02:07:30 PM - INFO - SignupPage : New User Signup! is visible
08/11/2023 02:09:23 PM - INFO - LaunchPage : Homepage is visible
08/11/2023 02:09:25 PM - INFO - SignupPage : New User Signup! is visible
08/11/2023 02:09:37 PM - INFO - LaunchPage : Homepage is visible
08/11/2023 02:09:42 PM - INFO - SignupPage : Login to your account is visible
08/11/2023 02:10:10 PM - INFO - LaunchPage : Homepage is visible
08/11/2023 02:10:13 PM - INFO - SignupPage : Login to your account is visible
08/11/2023 02:10:15 PM - INFO - SignupPage : Your email or password is incorrect! is visible
08/11/2023 02:14:15 PM - INFO - LaunchPage : Homepage is visible
08/11/2023 02:14:17 PM - INFO - SignupPage : New User Signup! is visible
08/11/2023 02:14:33 PM - INFO - LaunchPage : Homepage is visible
08/11/2023 02:14:35 PM - INFO - SignupPage : Login to your account is visible
08/11/2023 02:15:23 PM - INFO - LaunchPage : Homepage is visible
08/11/2023 02:15:26 PM - INFO - SignupPage : Login to your account is visible
08/11/2023 02:15:28 PM - INFO - SignupPage : Your email or password is incorrect! is visible
08/11/2023 02:17:27 PM - INFO - LaunchPage : Homepage is visible
08/11/2023 02:17:29 PM - INFO - SignupPage : New User Signup! is visible
08/11/2023 02:17:41 PM - INFO - LaunchPage : Homepage is visible
08/11/2023 02:17:42 PM - INFO - SignupPage : Login to your account is visible
08/11/2023 02:17:58 PM - INFO - LaunchPage : Homepage is visible
08/11/2023 02:18:00 PM - INFO - SignupPage : Login to your account is visible
08/11/2023 02:49:15 PM - INFO - LaunchPage : Homepage is visible
08/11/2023 02:49:19 PM - INFO - SignupPage : New User Signup! is visible
08/11/2023 02:49:31 PM - INFO - LaunchPage : Homepage is visible
08/11/2023 02:49:33 PM - INFO - SignupPage : Login to your account is visible
08/11/2023 02:49:45 PM - INFO - LaunchPage : Homepage is visible
08/11/2023 02:49:46 PM - INFO - SignupPage : Login to your account is visible
08/11/2023 02:52:32 PM - INFO - LaunchPage : Homepage is visible
08/11/2023 02:52:34 PM - INFO - SignupPage : Login to your account is visible
08/11/2023 02:53:10 PM - INFO - LaunchPage : Homepage is visible
08/11/2023 02:53:12 PM - INFO - SignupPage : Login to your account is visible
08/11/2023 02:53:36 PM - INFO - LoggedPage : Logged in as testlogout
08/11/2023 02:53:46 PM - INFO - SignupPage : Login to your account is visible
08/11/2023 03:09:52 PM - INFO - LaunchPage : Homepage is visible
08/11/2023 03:09:54 PM - INFO - SignupPage : New User Signup! is visible
08/11/2023 03:09:58 PM - INFO - SignupPage : Email Address already exist! is visible
08/11/2023 03:21:08 PM - INFO - LaunchPage : Homepage is visible
08/11/2023 03:25:26 PM - INFO - LaunchPage : Homepage is visible
08/11/2023 03:25:28 PM - INFO - SignupPage : Login to your account is visible
08/11/2023 03:25:30 PM - INFO - SignupPage : Your email or password is incorrect! is visible
08/11/2023 04:14:49 PM - INFO - LaunchPage : Homepage is visible
08/11/2023 04:18:43 PM - INFO - LaunchPage : Homepage is visible
08/11/2023 04:22:00 PM - INFO - LaunchPage : Homepage is visible
08/11/2023 04:22:22 PM - INFO - ContactUsPage : GET IN TOUCH is visible
08/11/2023 04:23:31 PM - INFO - LaunchPage : Homepage is visible
08/11/2023 04:23:34 PM - INFO - ContactUsPage : GET IN TOUCH is visible
08/11/2023 04:27:35 PM - INFO - LaunchPage : Homepage is visible
08/11/2023 04:27:37 PM - INFO - ContactUsPage : GET IN TOUCH is visible
08/11/2023 04:29:59 PM - INFO - LaunchPage : Homepage is visible
08/11/2023 04:30:13 PM - INFO - ContactUsPage : GET IN TOUCH is visible
08/11/2023 04:32:46 PM - INFO - LaunchPage : Homepage is visible
08/11/2023 04:32:56 PM - INFO - ContactUsPage : GET IN TOUCH is visible
08/11/2023 04:38:25 PM - INFO - LaunchPage : Homepage is visible
08/11/2023 04:38:29 PM - INFO - ContactUsPage : GET IN TOUCH is visible
08/11/2023 04:40:05 PM - INFO - LaunchPage : Homepage is visible
08/11/2023 04:40:16 PM - INFO - ContactUsPage : GET IN TOUCH is visible
08/11/2023 04:48:14 PM - INFO - LaunchPage : Homepage is visible
08/11/2023 04:48:19 PM - INFO - ContactUsPage : GET IN TOUCH is visible
08/11/2023 04:48:23 PM - INFO - ContactUsPage : Success! Your details have been submitted successfully. is visible
