08/10/2023 07:48:29 AM - INFO - LaunchPage : Homepage is visible
08/10/2023 07:48:30 AM - INFO - SignupPage : New User Signup! is visible
08/10/2023 07:48:33 AM - INFO - AccntInfo : ENTER ACCOUNT INFORMATION is visible
08/10/2023 07:48:48 AM - INFO - AccntCreated : ACCOUNT CREATED! is visible
08/10/2023 07:48:54 AM - INFO - LoggedPage : Logged in as sad
08/10/2023 07:48:55 AM - INFO - AccntDeleted : ACCOUNT DELETED! is visible
08/10/2023 08:02:33 AM - INFO - LaunchPage : Homepage is visible
08/10/2023 08:02:35 AM - INFO - SignupPage : New User Signup! is visible
08/10/2023 08:02:37 AM - INFO - AccntInfo : ENTER ACCOUNT INFORMATION is visible
08/10/2023 08:03:01 AM - INFO - LaunchPage : Homepage is visible
08/10/2023 08:03:02 AM - INFO - SignupPage : New User Signup! is visible
08/10/2023 08:03:04 AM - INFO - AccntInfo : ENTER ACCOUNT INFORMATION is visible
08/10/2023 08:06:26 AM - INFO - LaunchPage : Homepage is visible
08/10/2023 08:06:34 AM - INFO - SignupPage : New User Signup! is visible
08/10/2023 08:06:36 AM - INFO - AccntInfo : ENTER ACCOUNT INFORMATION is visible
08/10/2023 08:06:46 AM - INFO - AccntCreated : ACCOUNT CREATED! is visible
08/10/2023 08:06:52 AM - INFO - LoggedPage : Logged in as sad
08/10/2023 08:06:53 AM - INFO - AccntDeleted : ACCOUNT DELETED! is visible
08/10/2023 08:15:45 AM - INFO - LaunchPage : Homepage is visible
08/10/2023 08:15:47 AM - INFO - SignupPage : New User Signup! is visible
08/10/2023 08:15:49 AM - INFO - AccntInfo : ENTER ACCOUNT INFORMATION is visible
08/10/2023 08:16:19 AM - INFO - LaunchPage : Homepage is visible
08/10/2023 08:16:20 AM - INFO - SignupPage : New User Signup! is visible
08/10/2023 08:16:23 AM - INFO - AccntInfo : ENTER ACCOUNT INFORMATION is visible
08/10/2023 08:17:11 AM - INFO - LaunchPage : Homepage is visible
08/10/2023 08:17:12 AM - INFO - SignupPage : New User Signup! is visible
08/10/2023 08:17:17 AM - INFO - AccntInfo : ENTER ACCOUNT INFORMATION is visible
08/10/2023 08:17:51 AM - INFO - LaunchPage : Homepage is visible
08/10/2023 08:17:52 AM - INFO - SignupPage : New User Signup! is visible
08/10/2023 08:17:55 AM - INFO - AccntInfo : ENTER ACCOUNT INFORMATION is visible
08/10/2023 08:18:05 AM - INFO - AccntCreated : ACCOUNT CREATED! is visible
08/10/2023 08:18:10 AM - INFO - LoggedPage : Logged in as sad
08/10/2023 08:18:12 AM - INFO - AccntDeleted : ACCOUNT DELETED! is visible
08/10/2023 08:22:46 AM - INFO - LaunchPage : Homepage is visible
08/10/2023 08:22:48 AM - INFO - SignupPage : New User Signup! is visible
08/10/2023 08:22:50 AM - INFO - AccntInfo : ENTER ACCOUNT INFORMATION is visible
08/10/2023 08:23:05 AM - INFO - LaunchPage : Homepage is visible
08/10/2023 08:23:07 AM - INFO - SignupPage : New User Signup! is visible
08/10/2023 08:23:09 AM - INFO - AccntInfo : ENTER ACCOUNT INFORMATION is visible
08/10/2023 08:24:44 AM - INFO - LaunchPage : Homepage is visible
08/10/2023 08:24:46 AM - INFO - SignupPage : New User Signup! is visible
08/10/2023 08:24:49 AM - INFO - AccntInfo : ENTER ACCOUNT INFORMATION is visible
08/10/2023 08:26:18 AM - INFO - LaunchPage : Homepage is visible
08/10/2023 08:26:20 AM - INFO - SignupPage : New User Signup! is visible
08/10/2023 08:26:22 AM - INFO - AccntInfo : ENTER ACCOUNT INFORMATION is visible
08/10/2023 08:38:29 AM - INFO - LaunchPage : Homepage is visible
08/10/2023 08:38:32 AM - INFO - SignupPage : New User Signup! is visible
08/10/2023 08:38:33 AM - INFO - AccntInfo : ENTER ACCOUNT INFORMATION is visible
08/10/2023 08:38:55 AM - INFO - AccntCreated : ACCOUNT CREATED! is visible
08/10/2023 08:39:00 AM - INFO - LoggedPage : Logged in as sad
08/10/2023 08:39:02 AM - INFO - AccntDeleted : ACCOUNT DELETED! is visible
08/10/2023 08:39:09 AM - INFO - LaunchPage : Homepage is visible
08/10/2023 08:39:11 AM - INFO - SignupPage : New User Signup! is visible
08/10/2023 08:40:12 AM - INFO - LaunchPage : Homepage is visible
08/10/2023 08:40:14 AM - INFO - SignupPage : New User Signup! is visible
08/10/2023 08:40:16 AM - INFO - AccntInfo : ENTER ACCOUNT INFORMATION is visible
08/10/2023 08:40:31 AM - INFO - AccntCreated : ACCOUNT CREATED! is visible
08/10/2023 08:40:44 AM - INFO - LoggedPage : Logged in as sad
08/10/2023 08:40:46 AM - INFO - AccntDeleted : ACCOUNT DELETED! is visible
08/10/2023 08:40:54 AM - INFO - LaunchPage : Homepage is visible
08/10/2023 08:40:56 AM - INFO - SignupPage : New User Signup! is visible
08/10/2023 08:41:16 AM - INFO - AccntInfo : ENTER ACCOUNT INFORMATION is visible
08/10/2023 08:41:27 AM - INFO - AccntCreated : ACCOUNT CREATED! is visible
08/10/2023 08:41:38 AM - INFO - LoggedPage : Logged in as jtest
08/10/2023 08:47:21 AM - INFO - LaunchPage : Homepage is visible
08/10/2023 08:47:23 AM - INFO - SignupPage : New User Signup! is visible
08/10/2023 08:47:25 AM - INFO - AccntInfo : ENTER ACCOUNT INFORMATION is visible
08/10/2023 08:47:34 AM - INFO - AccntCreated : ACCOUNT CREATED! is visible
08/10/2023 08:47:39 AM - INFO - LoggedPage : Logged in as sad
08/10/2023 08:47:39 AM - INFO - LaunchPage : Homepage is visible
08/10/2023 08:48:55 AM - INFO - LaunchPage : Homepage is visible
08/10/2023 08:48:57 AM - INFO - SignupPage : New User Signup! is visible
08/10/2023 08:49:15 AM - INFO - LaunchPage : Homepage is visible
08/10/2023 08:49:29 AM - INFO - LaunchPage : Homepage is visible
08/10/2023 08:49:32 AM - INFO - SignupPage : New User Signup! is visible
08/10/2023 08:49:35 AM - INFO - AccntInfo : ENTER ACCOUNT INFORMATION is visible
08/10/2023 08:49:44 AM - INFO - AccntCreated : ACCOUNT CREATED! is visible
08/10/2023 08:49:49 AM - INFO - LoggedPage : Logged in as sad
08/10/2023 08:49:49 AM - INFO - LaunchPage : Homepage is visible
08/10/2023 09:13:13 AM - INFO - LaunchPage : Homepage is visible
08/10/2023 09:13:15 AM - INFO - SignupPage : New User Signup! is visible
08/10/2023 09:13:17 AM - INFO - AccntInfo : ENTER ACCOUNT INFORMATION is visible
08/10/2023 09:13:27 AM - INFO - AccntCreated : ACCOUNT CREATED! is visible
08/10/2023 09:13:30 AM - INFO - LaunchPage : Homepage is visible
08/10/2023 09:29:27 AM - INFO - LaunchPage : Homepage is visible
08/10/2023 09:29:31 AM - INFO - SignupPage : New User Signup! is visible
08/10/2023 09:29:33 AM - INFO - AccntInfo : ENTER ACCOUNT INFORMATION is visible
08/10/2023 09:29:43 AM - INFO - AccntCreated : ACCOUNT CREATED! is visible
08/10/2023 09:29:50 AM - INFO - LoggedPage : Logged in as sad
08/10/2023 09:30:08 AM - INFO - AccntDeleted : ACCOUNT DELETED! is visible
08/10/2023 09:30:16 AM - INFO - LaunchPage : Homepage is visible
08/10/2023 09:30:18 AM - INFO - SignupPage : New User Signup! is visible
08/10/2023 09:31:36 AM - INFO - LaunchPage : Homepage is visible
08/10/2023 09:31:38 AM - INFO - SignupPage : New User Signup! is visible
08/10/2023 09:31:40 AM - INFO - AccntInfo : ENTER ACCOUNT INFORMATION is visible
08/10/2023 09:31:49 AM - INFO - AccntCreated : ACCOUNT CREATED! is visible
08/10/2023 09:31:56 AM - INFO - LoggedPage : Logged in as sad
08/10/2023 09:31:59 AM - INFO - AccntDeleted : ACCOUNT DELETED! is visible
08/10/2023 09:32:02 AM - INFO - LaunchPage : Homepage is visible
08/10/2023 09:32:05 AM - INFO - SignupPage : New User Signup! is visible
08/10/2023 09:32:15 AM - INFO - AccntInfo : ENTER ACCOUNT INFORMATION is visible
08/10/2023 09:32:36 AM - INFO - AccntCreated : ACCOUNT CREATED! is visible
08/10/2023 09:32:43 AM - INFO - LoggedPage : Logged in as jtest
08/10/2023 09:32:45 AM - INFO - AccntDeleted : ACCOUNT DELETED! is visible
08/10/2023 09:50:14 AM - INFO - LaunchPage : Homepage is visible
08/10/2023 09:50:16 AM - INFO - SignupPage : New User Signup! is visible
08/10/2023 09:50:17 AM - INFO - AccntInfo : ENTER ACCOUNT INFORMATION is visible
08/10/2023 09:50:27 AM - INFO - AccntCreated : ACCOUNT CREATED! is visible
08/10/2023 09:50:35 AM - INFO - LoggedPage : Logged in as sad
08/10/2023 09:50:36 AM - INFO - AccntDeleted : ACCOUNT DELETED! is visible
08/10/2023 10:10:10 AM - INFO - LaunchPage : Homepage is visible
08/10/2023 10:10:11 AM - INFO - SignupPage : New User Signup! is visible
08/10/2023 10:10:12 AM - INFO - AccntInfo : ENTER ACCOUNT INFORMATION is visible
08/10/2023 10:10:22 AM - INFO - AccntCreated : ACCOUNT CREATED! is visible
08/10/2023 10:10:29 AM - INFO - LoggedPage : Logged in as sad
08/10/2023 10:10:31 AM - INFO - AccntDeleted : ACCOUNT DELETED! is visible
08/10/2023 10:10:36 AM - INFO - LaunchPage : Homepage is visible
08/10/2023 10:10:37 AM - INFO - SignupPage : New User Signup! is visible
08/10/2023 10:10:38 AM - INFO - AccntInfo : ENTER ACCOUNT INFORMATION is visible
08/10/2023 10:10:47 AM - INFO - AccntCreated : ACCOUNT CREATED! is visible
08/10/2023 10:10:54 AM - INFO - LoggedPage : Logged in as jtest
08/10/2023 10:11:06 AM - INFO - AccntDeleted : ACCOUNT DELETED! is visible
08/10/2023 11:18:14 AM - INFO - LaunchPage : Homepage is visible
08/10/2023 11:18:17 AM - INFO - SignupPage : New User Signup! is visible
08/10/2023 11:19:04 AM - INFO - LaunchPage : Homepage is visible
08/10/2023 11:21:33 AM - INFO - LaunchPage : Homepage is visible
08/10/2023 11:21:36 AM - INFO - SignupPage : New User Signup! is visible
08/10/2023 11:21:46 AM - INFO - AccntInfo : ENTER ACCOUNT INFORMATION is visible
08/10/2023 11:21:56 AM - INFO - AccntCreated : ACCOUNT CREATED! is visible
08/10/2023 11:22:17 AM - INFO - LoggedPage : Logged in as sad
08/10/2023 11:22:22 AM - INFO - AccntDeleted : ACCOUNT DELETED! is visible
08/10/2023 11:22:26 AM - INFO - LaunchPage : Homepage is visible
08/10/2023 11:22:28 AM - INFO - SignupPage : New User Signup! is visible
08/10/2023 11:22:30 AM - INFO - AccntInfo : ENTER ACCOUNT INFORMATION is visible
08/10/2023 11:22:41 AM - INFO - AccntCreated : ACCOUNT CREATED! is visible
08/10/2023 11:22:46 AM - INFO - LoggedPage : Logged in as jtest
08/10/2023 11:22:48 AM - INFO - AccntDeleted : ACCOUNT DELETED! is visible
08/10/2023 11:33:49 AM - INFO - LaunchPage : Homepage is visible
08/10/2023 11:33:50 AM - INFO - SignupPage : New User Signup! is visible
08/10/2023 11:34:13 AM - INFO - LaunchPage : Homepage is visible
08/10/2023 11:35:21 AM - INFO - LaunchPage : Homepage is visible
08/10/2023 11:35:23 AM - INFO - SignupPage : New User Signup! is visible
08/10/2023 11:35:27 AM - INFO - AccntInfo : ENTER ACCOUNT INFORMATION is visible
08/10/2023 11:35:37 AM - INFO - AccntCreated : ACCOUNT CREATED! is visible
08/10/2023 11:38:35 AM - INFO - LaunchPage : Homepage is visible
08/10/2023 11:40:19 AM - INFO - LaunchPage : Homepage is visible
08/10/2023 11:40:21 AM - INFO - SignupPage : New User Signup! is visible
08/10/2023 11:40:43 AM - INFO - LaunchPage : Homepage is visible
08/10/2023 11:41:07 AM - INFO - LaunchPage : Homepage is visible
08/10/2023 11:41:10 AM - INFO - SignupPage : New User Signup! is visible
08/10/2023 11:41:12 AM - INFO - AccntInfo : ENTER ACCOUNT INFORMATION is visible
08/10/2023 11:41:23 AM - INFO - AccntCreated : ACCOUNT CREATED! is visible
08/10/2023 11:41:28 AM - INFO - LoggedPage : Logged in as sad
08/10/2023 11:41:30 AM - INFO - AccntDeleted : ACCOUNT DELETED! is visible
08/10/2023 11:41:33 AM - INFO - LaunchPage : Homepage is visible
08/10/2023 11:41:36 AM - INFO - SignupPage : New User Signup! is visible
08/10/2023 11:41:38 AM - INFO - AccntInfo : ENTER ACCOUNT INFORMATION is visible
08/10/2023 11:41:54 AM - INFO - AccntCreated : ACCOUNT CREATED! is visible
08/10/2023 11:42:01 AM - INFO - LoggedPage : Logged in as jtest
08/10/2023 11:42:07 AM - INFO - AccntDeleted : ACCOUNT DELETED! is visible
08/10/2023 11:44:40 AM - INFO - LaunchPage : Homepage is visible
08/10/2023 11:44:42 AM - INFO - SignupPage : New User Signup! is visible
08/10/2023 11:44:54 AM - INFO - LaunchPage : Homepage is visible
08/10/2023 11:48:09 AM - INFO - LaunchPage : Homepage is visible
08/10/2023 11:48:12 AM - INFO - SignupPage : New User Signup! is visible
08/10/2023 11:48:13 AM - INFO - AccntInfo : ENTER ACCOUNT INFORMATION is visible
08/10/2023 11:48:23 AM - INFO - AccntCreated : ACCOUNT CREATED! is visible
08/10/2023 11:48:28 AM - INFO - LoggedPage : Logged in as sad
08/10/2023 11:48:30 AM - INFO - AccntDeleted : ACCOUNT DELETED! is visible
08/10/2023 11:48:33 AM - INFO - LaunchPage : Homepage is visible
08/10/2023 11:48:34 AM - INFO - SignupPage : New User Signup! is visible
08/10/2023 11:48:35 AM - INFO - AccntInfo : ENTER ACCOUNT INFORMATION is visible
08/10/2023 11:49:07 AM - INFO - AccntCreated : ACCOUNT CREATED! is visible
08/10/2023 11:49:23 AM - INFO - LoggedPage : Logged in as jtest
08/10/2023 11:49:25 AM - INFO - AccntDeleted : ACCOUNT DELETED! is visible
08/10/2023 12:53:52 PM - INFO - LaunchPage : Homepage is visible
08/10/2023 12:53:53 PM - INFO - SignupPage : New User Signup! is visible
08/10/2023 12:53:56 PM - INFO - AccntInfo : ENTER ACCOUNT INFORMATION is visible
08/10/2023 12:54:07 PM - INFO - AccntCreated : ACCOUNT CREATED! is visible
08/10/2023 12:54:15 PM - INFO - LoggedPage : Logged in as sad
08/10/2023 12:54:18 PM - INFO - AccntDeleted : ACCOUNT DELETED! is visible
08/10/2023 12:54:22 PM - INFO - LaunchPage : Homepage is visible
08/10/2023 12:54:27 PM - INFO - SignupPage : New User Signup! is visible
08/10/2023 12:54:30 PM - INFO - AccntInfo : ENTER ACCOUNT INFORMATION is visible
08/10/2023 12:54:45 PM - INFO - AccntCreated : ACCOUNT CREATED! is visible
08/10/2023 12:54:53 PM - INFO - LoggedPage : Logged in as jtest
08/10/2023 12:54:56 PM - INFO - AccntDeleted : ACCOUNT DELETED! is visible
08/10/2023 12:59:49 PM - INFO - LaunchPage : Homepage is visible
08/10/2023 12:59:53 PM - INFO - SignupPage : New User Signup! is visible
08/10/2023 12:59:56 PM - INFO - AccntInfo : ENTER ACCOUNT INFORMATION is visible
08/10/2023 01:00:08 PM - INFO - AccntCreated : ACCOUNT CREATED! is visible
08/10/2023 01:00:19 PM - INFO - LoggedPage : Logged in as sad
08/10/2023 01:00:22 PM - INFO - AccntDeleted : ACCOUNT DELETED! is visible
08/10/2023 01:00:27 PM - INFO - LaunchPage : Homepage is visible
08/10/2023 01:00:28 PM - INFO - SignupPage : New User Signup! is visible
08/10/2023 01:00:34 PM - INFO - AccntInfo : ENTER ACCOUNT INFORMATION is visible
08/10/2023 01:00:46 PM - INFO - AccntCreated : ACCOUNT CREATED! is visible
08/10/2023 01:00:55 PM - INFO - LoggedPage : Logged in as jtest
08/10/2023 01:00:58 PM - INFO - AccntDeleted : ACCOUNT DELETED! is visible
08/10/2023 04:36:16 PM - INFO - LaunchPage : Homepage is visible
08/10/2023 04:36:18 PM - INFO - SignupPage : New User Signup! is visible
08/10/2023 04:36:31 PM - INFO - LaunchPage : Homepage is visible
08/10/2023 04:36:50 PM - INFO - LaunchPage : Homepage is visible
08/10/2023 04:36:52 PM - INFO - SignupPage : New User Signup! is visible
08/10/2023 04:36:54 PM - INFO - AccntInfo : ENTER ACCOUNT INFORMATION is visible
08/10/2023 04:37:04 PM - INFO - AccntCreated : ACCOUNT CREATED! is visible
08/10/2023 04:37:09 PM - INFO - LoggedPage : Logged in as sad
08/10/2023 04:37:11 PM - INFO - AccntDeleted : ACCOUNT DELETED! is visible
08/10/2023 04:37:18 PM - INFO - LaunchPage : Homepage is visible
08/10/2023 04:37:19 PM - INFO - SignupPage : New User Signup! is visible
08/10/2023 04:37:21 PM - INFO - AccntInfo : ENTER ACCOUNT INFORMATION is visible
08/10/2023 04:37:30 PM - INFO - AccntCreated : ACCOUNT CREATED! is visible
08/10/2023 04:37:40 PM - INFO - LoggedPage : Logged in as jtest
08/10/2023 04:37:42 PM - INFO - AccntDeleted : ACCOUNT DELETED! is visible
08/10/2023 04:39:05 PM - INFO - LaunchPage : Homepage is visible
08/10/2023 04:39:08 PM - INFO - SignupPage : New User Signup! is visible
08/10/2023 04:39:11 PM - INFO - AccntInfo : ENTER ACCOUNT INFORMATION is visible
08/10/2023 04:39:16 PM - INFO - LaunchPage : Homepage is visible
08/10/2023 04:39:18 PM - INFO - SignupPage : New User Signup! is visible
08/10/2023 04:39:21 PM - INFO - AccntInfo : ENTER ACCOUNT INFORMATION is visible
08/10/2023 05:04:21 PM - INFO - LaunchPage : Homepage is visible
08/10/2023 05:04:23 PM - INFO - SignupPage : New User Signup! is visible
08/10/2023 05:04:27 PM - INFO - AccntInfo : ENTER ACCOUNT INFORMATION is visible
08/10/2023 05:04:36 PM - INFO - AccntCreated : ACCOUNT CREATED! is visible
08/10/2023 05:04:48 PM - INFO - LoggedPage : Logged in as sad
08/10/2023 05:04:50 PM - INFO - AccntDeleted : ACCOUNT DELETED! is visible
08/10/2023 05:04:54 PM - INFO - LaunchPage : Homepage is visible
08/10/2023 05:04:56 PM - INFO - SignupPage : New User Signup! is visible
08/10/2023 05:04:57 PM - INFO - AccntInfo : ENTER ACCOUNT INFORMATION is visible
08/10/2023 05:05:06 PM - INFO - AccntCreated : ACCOUNT CREATED! is visible
08/10/2023 05:05:14 PM - INFO - LoggedPage : Logged in as jtest
08/10/2023 05:05:21 PM - INFO - AccntDeleted : ACCOUNT DELETED! is visible
